\BOOKMARK [1][-]{section.1}{\376\377\000O\000b\000j\000e\000t\000i\000v\000o\000s}{}% 1
\BOOKMARK [1][-]{section.2}{\376\377\000I\000n\000t\000r\000o\000d\000u\000c\000c\000i\000\363\000n}{}% 2
\BOOKMARK [2][-]{subsection.2.1}{\376\377\000D\000a\000t\000o\000s\000\040\000T\000\351\000c\000n\000i\000c\000o\000s\000\040\000d\000e\000l\000\040\000C\000o\000m\000p\000u\000t\000a\000d\000o\000r\000\040\000U\000t\000i\000l\000i\000z\000a\000d\000o}{section.2}% 3
\BOOKMARK [2][-]{subsection.2.2}{\376\377\000T\000i\000p\000o\000s\000\040\000d\000e\000\040\000A\000n\000\341\000l\000i\000s\000i\000s\000\040\000a\000\040\000R\000e\000a\000l\000i\000z\000a\000r}{section.2}% 4
\BOOKMARK [3][-]{subsubsection.2.2.1}{\376\377\000A\000n\000\341\000l\000i\000s\000i\000s\000\040\000T\000e\000\363\000r\000i\000c\000o}{subsection.2.2}% 5
\BOOKMARK [3][-]{subsubsection.2.2.2}{\376\377\000A\000n\000\341\000l\000i\000s\000i\000s\000\040\000E\000m\000p\000\355\000r\000i\000c\000o}{subsection.2.2}% 6
\BOOKMARK [3][-]{subsubsection.2.2.3}{\376\377\000A\000n\000\341\000l\000i\000s\000i\000s\000\040\000H\000\355\000b\000r\000i\000d\000o}{subsection.2.2}% 7
\BOOKMARK [1][-]{section.3}{\376\377\000P\000r\000o\000b\000l\000e\000m\000a\000:\000\040\000A\000m\000i\000s\000t\000a\000d\000\040\000e\000n\000\040\000l\000a\000\040\000G\000r\000a\000n\000j\000a}{}% 8
\BOOKMARK [2][-]{subsection.3.1}{\376\377\000E\000x\000p\000l\000i\000c\000a\000c\000i\000\363\000n}{section.3}% 9
\BOOKMARK [2][-]{subsection.3.2}{\376\377\000G\000e\000n\000e\000r\000a\000d\000o\000r\000\040\000d\000e\000\040\000C\000a\000s\000o\000s}{section.3}% 10
\BOOKMARK [2][-]{subsection.3.3}{\376\377\000A\000l\000g\000o\000r\000i\000t\000m\000o\000\040\000E\000s\000p\000e\000c\000\355\000f\000i\000c\000o}{section.3}% 11
\BOOKMARK [3][-]{subsubsection.3.3.1}{\376\377\000A\000n\000\341\000l\000i\000s\000i\000s\000\040\000T\000e\000\363\000r\000i\000c\000o}{subsection.3.3}% 12
\BOOKMARK [3][-]{subsubsection.3.3.2}{\376\377\000A\000n\000\341\000l\000i\000s\000i\000s\000\040\000E\000m\000p\000\355\000r\000i\000c\000o}{subsection.3.3}% 13
\BOOKMARK [3][-]{subsubsection.3.3.3}{\376\377\000A\000n\000\341\000l\000i\000s\000i\000s\000\040\000H\000\355\000b\000r\000i\000d\000o}{subsection.3.3}% 14
\BOOKMARK [2][-]{subsection.3.4}{\376\377\000A\000l\000g\000o\000r\000i\000t\000m\000o\000\040\000D\000i\000v\000i\000d\000e\000\040\000y\000\040\000V\000e\000n\000c\000e\000r\000\341\000s}{section.3}% 15
\BOOKMARK [3][-]{subsubsection.3.4.1}{\376\377\000A\000n\000\341\000l\000i\000s\000i\000s\000\040\000T\000e\000\363\000r\000i\000c\000o}{subsection.3.4}% 16
\BOOKMARK [3][-]{subsubsection.3.4.2}{\376\377\000A\000n\000\341\000l\000i\000s\000i\000s\000\040\000E\000m\000p\000\355\000r\000i\000c\000o}{subsection.3.4}% 17
\BOOKMARK [3][-]{subsubsection.3.4.3}{\376\377\000A\000n\000\341\000l\000i\000s\000i\000s\000\040\000H\000\355\000b\000r\000i\000d\000o}{subsection.3.4}% 18
\BOOKMARK [2][-]{subsection.3.5}{\376\377\000C\000\341\000l\000c\000u\000l\000o\000\040\000d\000e\000\040\000U\000m\000b\000r\000a\000l\000e\000s}{section.3}% 19
\BOOKMARK [3][-]{subsubsection.3.5.1}{\376\377\000U\000m\000b\000r\000a\000l\000\040\000T\000e\000\363\000r\000i\000c\000o}{subsection.3.5}% 20
\BOOKMARK [3][-]{subsubsection.3.5.2}{\376\377\000U\000m\000b\000r\000a\000l\000\040\000\323\000p\000t\000i\000m\000o}{subsection.3.5}% 21
\BOOKMARK [3][-]{subsubsection.3.5.3}{\376\377\000U\000m\000b\000r\000a\000l\000\040\000d\000e\000\040\000T\000a\000n\000t\000e\000o}{subsection.3.5}% 22
\BOOKMARK [3][-]{subsubsection.3.5.4}{\376\377\000C\000o\000m\000p\000a\000r\000a\000c\000i\000o\000n\000e\000s}{subsection.3.5}% 23
\BOOKMARK [1][-]{section.4}{\376\377\000C\000o\000n\000c\000l\000u\000s\000i\000o\000n\000e\000s}{}% 24
