This is pdfTeX, Version 3.141592653-2.6-1.40.22 (TeX Live 2022/dev/Debian) (preloaded format=pdflatex 2023.3.17)  29 MAR 2023 21:24
entering extended mode
 restricted \write18 enabled.
 %&-line parsing enabled.
**Eficiencia.tex
(./Eficiencia.tex
LaTeX2e <2021-11-15> patch level 1
L3 programming layer <2022-01-21>
(/usr/share/texlive/texmf-dist/tex/latex/base/article.cls
Document Class: article 2021/10/04 v1.4n Standard LaTeX document class
(/usr/share/texlive/texmf-dist/tex/latex/base/size12.clo
File: size12.clo 2021/10/04 v1.4n Standard LaTeX file (size option)
)
\c@part=\count185
\c@section=\count186
\c@subsection=\count187
\c@subsubsection=\count188
\c@paragraph=\count189
\c@subparagraph=\count190
\c@figure=\count191
\c@table=\count192
\abovecaptionskip=\skip47
\belowcaptionskip=\skip48
\bibindent=\dimen138
)
(/usr/share/texlive/texmf-dist/tex/latex/base/inputenc.sty
Package: inputenc 2021/02/14 v1.3d Input encoding file
\inpenc@prehook=\toks16
\inpenc@posthook=\toks17
)
(/usr/share/texlive/texmf-dist/tex/generic/babel/babel.sty
Package: babel 2022/01/26 3.70 The Babel package
\babel@savecnt=\count193
\U@D=\dimen139
\l@unhyphenated=\language87

(/usr/share/texlive/texmf-dist/tex/generic/babel/txtbabel.def)
\bbl@readstream=\read2
\bbl@dirlevel=\count194

(/usr/share/texlive/texmf-dist/tex/generic/babel-spanish/spanish.ldf
Language: spanish.ldf 2021/05/27 v5.0q Spanish support from the babel system
\es@quottoks=\toks18
\es@quotdepth=\count195
Package babel Info: Making " an active character on input line 570.
Package babel Info: Making . an active character on input line 675.
Package babel Info: Making < an active character on input line 722.
Package babel Info: Making > an active character on input line 722.
))
(/usr/share/texlive/texmf-dist/tex/latex/hyperref/hyperref.sty
Package: hyperref 2021-06-07 v7.00m Hypertext links for LaTeX

(/usr/share/texlive/texmf-dist/tex/generic/ltxcmds/ltxcmds.sty
Package: ltxcmds 2020-05-10 v1.25 LaTeX kernel commands for general use (HO)
)
(/usr/share/texlive/texmf-dist/tex/generic/iftex/iftex.sty
Package: iftex 2020/03/06 v1.0d TeX engine tests
)
(/usr/share/texlive/texmf-dist/tex/generic/pdftexcmds/pdftexcmds.sty
Package: pdftexcmds 2020-06-27 v0.33 Utility functions of pdfTeX for LuaTeX (HO
)

(/usr/share/texlive/texmf-dist/tex/generic/infwarerr/infwarerr.sty
Package: infwarerr 2019/12/03 v1.5 Providing info/warning/error messages (HO)
)
Package pdftexcmds Info: \pdf@primitive is available.
Package pdftexcmds Info: \pdf@ifprimitive is available.
Package pdftexcmds Info: \pdfdraftmode found.
)
(/usr/share/texlive/texmf-dist/tex/latex/graphics/keyval.sty
Package: keyval 2014/10/28 v1.15 key=value parser (DPC)
\KV@toks@=\toks19
)
(/usr/share/texlive/texmf-dist/tex/generic/kvsetkeys/kvsetkeys.sty
Package: kvsetkeys 2019/12/15 v1.18 Key value parser (HO)
)
(/usr/share/texlive/texmf-dist/tex/generic/kvdefinekeys/kvdefinekeys.sty
Package: kvdefinekeys 2019-12-19 v1.6 Define keys (HO)
)
(/usr/share/texlive/texmf-dist/tex/generic/pdfescape/pdfescape.sty
Package: pdfescape 2019/12/09 v1.15 Implements pdfTeX's escape features (HO)
)
(/usr/share/texlive/texmf-dist/tex/latex/hycolor/hycolor.sty
Package: hycolor 2020-01-27 v1.10 Color options for hyperref/bookmark (HO)
)
(/usr/share/texlive/texmf-dist/tex/latex/letltxmacro/letltxmacro.sty
Package: letltxmacro 2019/12/03 v1.6 Let assignment for LaTeX macros (HO)
)
(/usr/share/texlive/texmf-dist/tex/latex/auxhook/auxhook.sty
Package: auxhook 2019-12-17 v1.6 Hooks for auxiliary files (HO)
)
(/usr/share/texlive/texmf-dist/tex/latex/kvoptions/kvoptions.sty
Package: kvoptions 2020-10-07 v3.14 Key value format for package options (HO)
)
\@linkdim=\dimen140
\Hy@linkcounter=\count196
\Hy@pagecounter=\count197

(/usr/share/texlive/texmf-dist/tex/latex/hyperref/pd1enc.def
File: pd1enc.def 2021-06-07 v7.00m Hyperref: PDFDocEncoding definition (HO)
Now handling font encoding PD1 ...
... no UTF-8 mapping file for font encoding PD1
)
(/usr/share/texlive/texmf-dist/tex/latex/hyperref/hyperref-langpatches.def
File: hyperref-langpatches.def 2021-06-07 v7.00m Hyperref: patches for babel la
nguages
)
(/usr/share/texlive/texmf-dist/tex/generic/intcalc/intcalc.sty
Package: intcalc 2019/12/15 v1.3 Expandable calculations with integers (HO)
)
(/usr/share/texlive/texmf-dist/tex/generic/etexcmds/etexcmds.sty
Package: etexcmds 2019/12/15 v1.7 Avoid name clashes with e-TeX commands (HO)
)
\Hy@SavedSpaceFactor=\count198

(/usr/share/texlive/texmf-dist/tex/latex/hyperref/puenc.def
File: puenc.def 2021-06-07 v7.00m Hyperref: PDF Unicode definition (HO)
Now handling font encoding PU ...
... no UTF-8 mapping file for font encoding PU
)
Package hyperref Info: Hyper figures OFF on input line 4192.
Package hyperref Info: Link nesting OFF on input line 4197.
Package hyperref Info: Hyper index ON on input line 4200.
Package hyperref Info: Plain pages OFF on input line 4207.
Package hyperref Info: Backreferencing ON on input line 4210.
Package hyperref Info: Implicit mode ON; LaTeX internals redefined.
Package hyperref Info: Bookmarks ON on input line 4445.

(/usr/share/texlive/texmf-dist/tex/latex/hyperref/backref.sty
Package: backref 2021/02/04 v1.41 Bibliographical back referencing

(/usr/share/texlive/texmf-dist/tex/latex/rerunfilecheck/rerunfilecheck.sty
Package: rerunfilecheck 2019/12/05 v1.9 Rerun checks for auxiliary files (HO)

(/usr/share/texlive/texmf-dist/tex/latex/base/atveryend-ltx.sty
Package: atveryend-ltx 2020/08/19 v1.0a Emulation of the original atveryend pac
kage
with kernel methods
)
(/usr/share/texlive/texmf-dist/tex/generic/uniquecounter/uniquecounter.sty
Package: uniquecounter 2019/12/15 v1.4 Provide unlimited unique counter (HO)

(/usr/share/texlive/texmf-dist/tex/generic/bigintcalc/bigintcalc.sty
Package: bigintcalc 2019/12/15 v1.5 Expandable calculations on big integers (HO
)
))
Package uniquecounter Info: New unique counter `rerunfilecheck' on input line 2
86.
))
\c@Hy@tempcnt=\count199

(/usr/share/texlive/texmf-dist/tex/latex/url/url.sty
\Urlmuskip=\muskip16
Package: url 2013/09/16  ver 3.4  Verb mode for urls, etc.
)
LaTeX Info: Redefining \url on input line 4804.
\XeTeXLinkMargin=\dimen141

(/usr/share/texlive/texmf-dist/tex/generic/bitset/bitset.sty
Package: bitset 2019/12/09 v1.3 Handle bit-vector datatype (HO)
)
\Fld@menulength=\count266
\Field@Width=\dimen142
\Fld@charsize=\dimen143
Package hyperref Info: Hyper figures OFF on input line 6076.
Package hyperref Info: Link nesting OFF on input line 6081.
Package hyperref Info: Hyper index ON on input line 6084.
Package hyperref Info: backreferencing ON on input line 6089.
Package hyperref Info: Link coloring OFF on input line 6096.
Package hyperref Info: Link coloring with OCG OFF on input line 6101.
Package hyperref Info: PDF/A mode OFF on input line 6106.
LaTeX Info: Redefining \ref on input line 6146.
LaTeX Info: Redefining \pageref on input line 6150.

(/usr/share/texlive/texmf-dist/tex/latex/base/atbegshi-ltx.sty
Package: atbegshi-ltx 2021/01/10 v1.0c Emulation of the original atbegshi
package with kernel methods
)
\Hy@abspage=\count267
\c@Item=\count268
\c@Hfootnote=\count269
)
Package hyperref Info: Driver (autodetected): hpdftex.

(/usr/share/texlive/texmf-dist/tex/latex/hyperref/hpdftex.def
File: hpdftex.def 2021-06-07 v7.00m Hyperref driver for pdfTeX
\Fld@listcount=\count270
\c@bookmark@seq@number=\count271
\Hy@SectionHShift=\skip49
)
(/usr/share/texlive/texmf-dist/tex/latex/amsfonts/amssymb.sty
Package: amssymb 2013/01/14 v3.01 AMS font symbols

(/usr/share/texlive/texmf-dist/tex/latex/amsfonts/amsfonts.sty
Package: amsfonts 2013/01/14 v3.01 Basic AMSFonts support
\@emptytoks=\toks20
\symAMSa=\mathgroup4
\symAMSb=\mathgroup5
LaTeX Font Info:    Redeclaring math symbol \hbar on input line 98.
LaTeX Font Info:    Overwriting math alphabet `\mathfrak' in version `bold'
(Font)                  U/euf/m/n --> U/euf/b/n on input line 106.
))
(/usr/share/texlive/texmf-dist/tex/latex/comment/comment.sty
\CommentStream=\write3

Excluding comment 'comment')
(/usr/share/texlive/texmf-dist/tex/latex/graphics/graphicx.sty
Package: graphicx 2021/09/16 v1.2d Enhanced LaTeX Graphics (DPC,SPQR)

(/usr/share/texlive/texmf-dist/tex/latex/graphics/graphics.sty
Package: graphics 2021/03/04 v1.4d Standard LaTeX Graphics (DPC,SPQR)

(/usr/share/texlive/texmf-dist/tex/latex/graphics/trig.sty
Package: trig 2021/08/11 v1.11 sin cos tan (DPC)
)
(/usr/share/texlive/texmf-dist/tex/latex/graphics-cfg/graphics.cfg
File: graphics.cfg 2016/06/04 v1.11 sample graphics configuration
)
Package graphics Info: Driver file: pdftex.def on input line 107.

(/usr/share/texlive/texmf-dist/tex/latex/graphics-def/pdftex.def
File: pdftex.def 2020/10/05 v1.2a Graphics/color driver for pdftex
))
\Gin@req@height=\dimen144
\Gin@req@width=\dimen145
)
(/usr/share/texlive/texmf-dist/tex/latex/listings/listings.sty
\lst@mode=\count272
\lst@gtempboxa=\box50
\lst@token=\toks21
\lst@length=\count273
\lst@currlwidth=\dimen146
\lst@column=\count274
\lst@pos=\count275
\lst@lostspace=\dimen147
\lst@width=\dimen148
\lst@newlines=\count276
\lst@lineno=\count277
\lst@maxwidth=\dimen149

(/usr/share/texlive/texmf-dist/tex/latex/listings/lstmisc.sty
File: lstmisc.sty 2020/03/24 1.8d (Carsten Heinz)
\c@lstnumber=\count278
\lst@skipnumbers=\count279
\lst@framebox=\box51
)
(/usr/share/texlive/texmf-dist/tex/latex/listings/listings.cfg
File: listings.cfg 2020/03/24 1.8d listings configuration
))
Package: listings 2020/03/24 1.8d (Carsten Heinz)

(/usr/share/texlive/texmf-dist/tex/latex/l3backend/l3backend-pdftex.def
File: l3backend-pdftex.def 2022-01-12 L3 backend support: PDF output (pdfTeX)
\l__color_backend_stack_int=\count280
\l__pdf_internal_box=\box52
)
(./Eficiencia.aux
LaTeX Info: Redefining \. on input line 25.
LaTeX Info: Redefining \% on input line 25.
)
\openout1 = `Eficiencia.aux'.

LaTeX Font Info:    Checking defaults for OML/cmm/m/it on input line 30.
LaTeX Font Info:    ... okay on input line 30.
LaTeX Font Info:    Checking defaults for OMS/cmsy/m/n on input line 30.
LaTeX Font Info:    ... okay on input line 30.
LaTeX Font Info:    Checking defaults for OT1/cmr/m/n on input line 30.
LaTeX Font Info:    ... okay on input line 30.
LaTeX Font Info:    Checking defaults for T1/cmr/m/n on input line 30.
LaTeX Font Info:    ... okay on input line 30.
LaTeX Font Info:    Checking defaults for TS1/cmr/m/n on input line 30.
LaTeX Font Info:    ... okay on input line 30.
LaTeX Font Info:    Checking defaults for OMX/cmex/m/n on input line 30.
LaTeX Font Info:    ... okay on input line 30.
LaTeX Font Info:    Checking defaults for U/cmr/m/n on input line 30.
LaTeX Font Info:    ... okay on input line 30.
LaTeX Font Info:    Checking defaults for PD1/pdf/m/n on input line 30.
LaTeX Font Info:    ... okay on input line 30.
LaTeX Font Info:    Checking defaults for PU/pdf/m/n on input line 30.
LaTeX Font Info:    ... okay on input line 30.
LaTeX Info: Redefining \. on input line 30.
LaTeX Info: Redefining \% on input line 30.
Package hyperref Info: Link coloring OFF on input line 30.

(/usr/share/texlive/texmf-dist/tex/latex/hyperref/nameref.sty
Package: nameref 2021-04-02 v2.47 Cross-referencing by name of section

(/usr/share/texlive/texmf-dist/tex/latex/refcount/refcount.sty
Package: refcount 2019/12/15 v3.6 Data extraction from label references (HO)
)
(/usr/share/texlive/texmf-dist/tex/generic/gettitlestring/gettitlestring.sty
Package: gettitlestring 2019/12/15 v1.6 Cleanup title references (HO)
)
\c@section@level=\count281
)
LaTeX Info: Redefining \ref on input line 30.
LaTeX Info: Redefining \pageref on input line 30.
LaTeX Info: Redefining \nameref on input line 30.

(./Eficiencia.out) (./Eficiencia.out)
\@outlinefile=\write4
\openout4 = `Eficiencia.out'.


(/usr/share/texlive/texmf-dist/tex/context/base/mkii/supp-pdf.mkii
[Loading MPS to PDF converter (version 2006.09.02).]
\scratchcounter=\count282
\scratchdimen=\dimen150
\scratchbox=\box53
\nofMPsegments=\count283
\nofMParguments=\count284
\everyMPshowfont=\toks22
\MPscratchCnt=\count285
\MPscratchDim=\dimen151
\MPnumerator=\count286
\makeMPintoPDFobject=\count287
\everyMPtoPDFconversion=\toks23
) (/usr/share/texlive/texmf-dist/tex/latex/epstopdf-pkg/epstopdf-base.sty
Package: epstopdf-base 2020-01-24 v2.11 Base part for package epstopdf
Package epstopdf-base Info: Redefining graphics rule for `.eps' on input line 4
85.

(/usr/share/texlive/texmf-dist/tex/latex/latexconfig/epstopdf-sys.cfg
File: epstopdf-sys.cfg 2010/07/13 v1.3 Configuration of (r)epstopdf for TeX Liv
e
))
\c@lstlisting=\count288
<foto_portada.png, id=209, 538.01pt x 506.89375pt>
File: foto_portada.png Graphic file (type png)
<use foto_portada.png>
Package pdftex.def Info: foto_portada.png  used on input line 36.
(pdftex.def)             Requested size: 234.00238pt x 220.46606pt.

[1

{/var/lib/texmf/fonts/map/pdftex/updmap/pdftex.map} <./foto_portada.png>]
(./Eficiencia.toc
LaTeX Info: Redefining \. on input line 1.
LaTeX Info: Redefining \% on input line 1.
LaTeX Font Info:    Trying to load font information for U+msa on input line 4.
 (/usr/share/texlive/texmf-dist/tex/latex/amsfonts/umsa.fd
File: umsa.fd 2013/01/14 v3.01 AMS symbols A
)
LaTeX Font Info:    Trying to load font information for U+msb on input line 4.

(/usr/share/texlive/texmf-dist/tex/latex/amsfonts/umsb.fd
File: umsb.fd 2013/01/14 v3.01 AMS symbols B
) [2])
\tf@toc=\write5
\openout5 = `Eficiencia.toc'.

 [3] [4]
Underfull \hbox (badness 10000) in paragraph at lines 80--81

 []


Underfull \hbox (badness 10000) in paragraph at lines 82--83

 []


Overfull \hbox (12.45995pt too wide) in paragraph at lines 92--93
[]\OT1/cmr/m/n/12 Procesador: 11th Gen, In-tel(R) Co-re(TM) i7-1165G7, 2.80 GHz
, 8 n^^Sucleos. 
 []


Underfull \hbox (badness 10000) in paragraph at lines 132--133

 []

[5] (/usr/share/texlive/texmf-dist/tex/latex/listings/lstlang1.sty
File: lstlang1.sty 2020/03/24 1.8d listings language file
)
(/usr/share/texlive/texmf-dist/tex/latex/listings/lstlang1.sty
File: lstlang1.sty 2020/03/24 1.8d listings language file
)
(/usr/share/texlive/texmf-dist/tex/latex/listings/lstmisc.sty
File: lstmisc.sty 2020/03/24 1.8d (Carsten Heinz)
)
LaTeX Font Info:    Trying to load font information for OML+cmr on input line 1
41.

(/usr/share/texlive/texmf-dist/tex/latex/base/omlcmr.fd
File: omlcmr.fd 2019/12/16 v2.5j Standard LaTeX font definitions
)
LaTeX Font Info:    Font shape `OML/cmr/m/n' in size <12> not available
(Font)              Font shape `OML/cmm/m/it' tried instead on input line 141.

Overfull \hbox (13.02405pt too wide) in paragraph at lines 143--144
[][][][][][][][][][][][] 
 []


Overfull \hbox (13.02405pt too wide) in paragraph at lines 152--153
[][][][][][][][][][][][][][][] 
 []

(/usr/share/texlive/texmf-dist/tex/latex/listings/lstlang1.sty
File: lstlang1.sty 2020/03/24 1.8d listings language file
)
(/usr/share/texlive/texmf-dist/tex/latex/listings/lstlang1.sty
File: lstlang1.sty 2020/03/24 1.8d listings language file
)
LaTeX Font Info:    Font shape `OML/cmr/m/it' in size <12> not available
(Font)              Font shape `OML/cmm/m/it' tried instead on input line 164.
 [6]
Underfull \hbox (badness 10000) in paragraph at lines 179--180

 []


Underfull \hbox (badness 10000) in paragraph at lines 181--182

 []


Underfull \hbox (badness 10000) in paragraph at lines 183--184

 []


Underfull \hbox (badness 10000) in paragraph at lines 185--186

 []


Underfull \hbox (badness 10000) in paragraph at lines 187--188

 []


Underfull \hbox (badness 10000) in paragraph at lines 189--190

 []


Underfull \hbox (badness 10000) in paragraph at lines 191--192

 []


Underfull \hbox (badness 10000) in paragraph at lines 193--194

 []

[7]

Package hyperref Warning: Token not allowed in a PDF string (Unicode):
(hyperref)                removing `math shift' on input line 201.


Package hyperref Warning: Token not allowed in a PDF string (Unicode):
(hyperref)                removing `math shift' on input line 201.

LaTeX Font Info:    Trying to load font information for OMS+cmr on input line 2
16.
(/usr/share/texlive/texmf-dist/tex/latex/base/omscmr.fd
File: omscmr.fd 2019/12/16 v2.5j Standard LaTeX font definitions
)
LaTeX Font Info:    Font shape `OMS/cmr/m/n' in size <12> not available
(Font)              Font shape `OMS/cmsy/m/n' tried instead on input line 216.

Overfull \hbox (13.02405pt too wide) in paragraph at lines 221--222
[][][][][][][][][][][][][][][][][][][][][] 
 []


Overfull \hbox (27.12402pt too wide) in paragraph at lines 226--227
[][][][][][][][][][][][][][][][][][][][][][][][][][][][][][][][][][][] 
 []


Overfull \hbox (27.12402pt too wide) in paragraph at lines 227--228
[][][][][][][][][][][][][][][][][][][][][][][][][][] 
 []

[8] [9]
<GRAFICAS//burbuja_p_so_a.png, id=364, 481.8pt x 361.35pt>
File: GRAFICAS//burbuja_p_so_a.png Graphic file (type png)
<use GRAFICAS//burbuja_p_so_a.png>
Package pdftex.def Info: GRAFICAS//burbuja_p_so_a.png  used on input line 286.
(pdftex.def)             Requested size: 385.4405pt x 289.0804pt.
 [10 <./GRAFICAS//burbuja_p_so_a.png (PNG copy)>] [11]
<GRAFICAS//burbuja_me_so_a.png, id=375, 481.8pt x 361.35pt>
File: GRAFICAS//burbuja_me_so_a.png Graphic file (type png)
<use GRAFICAS//burbuja_me_so_a.png>
Package pdftex.def Info: GRAFICAS//burbuja_me_so_a.png  used on input line 345.

(pdftex.def)             Requested size: 385.4405pt x 289.0804pt.
 [12 <./GRAFICAS//burbuja_me_so_a.png (PNG copy)>] [13]
<GRAFICAS//burbuja_m_so_a.png, id=387, 481.8pt x 361.35pt>
File: GRAFICAS//burbuja_m_so_a.png Graphic file (type png)
<use GRAFICAS//burbuja_m_so_a.png>
Package pdftex.def Info: GRAFICAS//burbuja_m_so_a.png  used on input line 404.
(pdftex.def)             Requested size: 385.4405pt x 289.0804pt.
 [14 <./GRAFICAS//burbuja_m_so_a.png (PNG copy)>]
Overfull \hbox (20.07404pt too wide) in paragraph at lines 424--425
[][][][][][][][][][][][][][][][][][][][] 
 []


Overfull \hbox (76.47394pt too wide) in paragraph at lines 430--431
[][][][][][][][][][][][][][][][][][][][][][][] 
 []

[15] [16]
<GRAFICAS//insercion_p_so_a.png, id=424, 481.8pt x 361.35pt>
File: GRAFICAS//insercion_p_so_a.png Graphic file (type png)
<use GRAFICAS//insercion_p_so_a.png>
Package pdftex.def Info: GRAFICAS//insercion_p_so_a.png  used on input line 497
.
(pdftex.def)             Requested size: 385.4405pt x 289.0804pt.
 [17 <./GRAFICAS//insercion_p_so_a.png (PNG copy)>] [18]
<GRAFICAS//insercion_me_so_a.png, id=436, 481.8pt x 361.35pt>
File: GRAFICAS//insercion_me_so_a.png Graphic file (type png)
<use GRAFICAS//insercion_me_so_a.png>
Package pdftex.def Info: GRAFICAS//insercion_me_so_a.png  used on input line 55
3.
(pdftex.def)             Requested size: 385.4405pt x 289.0804pt.
 [19 <./GRAFICAS//insercion_me_so_a.png (PNG copy)>] [20]
<GRAFICAS//insercion_m_so_a.png, id=448, 481.8pt x 361.35pt>
File: GRAFICAS//insercion_m_so_a.png Graphic file (type png)
<use GRAFICAS//insercion_m_so_a.png>
Package pdftex.def Info: GRAFICAS//insercion_m_so_a.png  used on input line 610
.
(pdftex.def)             Requested size: 385.4405pt x 289.0804pt.
 [21 <./GRAFICAS//insercion_m_so_a.png (PNG copy)>]
Overfull \hbox (20.07404pt too wide) in paragraph at lines 639--640
[][][][][][][][][][][][][][][][][][][][][][][][][][][][][][][][][][] 
 []

[22] [23]
<GRAFICAS//seleccion_p_so_a.png, id=488, 481.8pt x 361.35pt>
File: GRAFICAS//seleccion_p_so_a.png Graphic file (type png)
<use GRAFICAS//seleccion_p_so_a.png>
Package pdftex.def Info: GRAFICAS//seleccion_p_so_a.png  used on input line 702
.
(pdftex.def)             Requested size: 385.4405pt x 289.0804pt.
 [24 <./GRAFICAS//seleccion_p_so_a.png (PNG copy)>] [25]
<GRAFICAS//seleccion_me_so_a.png, id=500, 481.8pt x 361.35pt>
File: GRAFICAS//seleccion_me_so_a.png Graphic file (type png)
<use GRAFICAS//seleccion_me_so_a.png>
Package pdftex.def Info: GRAFICAS//seleccion_me_so_a.png  used on input line 76
2.
(pdftex.def)             Requested size: 385.4405pt x 289.0804pt.
 [26 <./GRAFICAS//seleccion_me_so_a.png (PNG copy)>] [27]
<GRAFICAS//seleccion_m_so_a.png, id=511, 481.8pt x 361.35pt>
File: GRAFICAS//seleccion_m_so_a.png Graphic file (type png)
<use GRAFICAS//seleccion_m_so_a.png>
Package pdftex.def Info: GRAFICAS//seleccion_m_so_a.png  used on input line 820
.
(pdftex.def)             Requested size: 385.4405pt x 289.0804pt.
 [28 <./GRAFICAS//seleccion_m_so_a.png (PNG copy)>]

Package hyperref Warning: Token not allowed in a PDF string (Unicode):
(hyperref)                removing `math shift' on input line 834.


Package hyperref Warning: Token not allowed in a PDF string (Unicode):
(hyperref)                removing `math shift' on input line 834.

[29]
Overfull \hbox (20.07404pt too wide) in paragraph at lines 864--865
[][][][][][][][][][][][][][][][][][][][][][][] 
 []

[30] [31]
<GRAFICAS//heapsort_p_so_a.png, id=569, 481.8pt x 361.35pt>
File: GRAFICAS//heapsort_p_so_a.png Graphic file (type png)
<use GRAFICAS//heapsort_p_so_a.png>
Package pdftex.def Info: GRAFICAS//heapsort_p_so_a.png  used on input line 933.

(pdftex.def)             Requested size: 385.4405pt x 289.0804pt.
 [32 <./GRAFICAS//heapsort_p_so_a.png (PNG copy)>] [33]
<GRAFICAS//heapsort_me_so_a.png, id=580, 481.8pt x 361.35pt>
File: GRAFICAS//heapsort_me_so_a.png Graphic file (type png)
<use GRAFICAS//heapsort_me_so_a.png>
Package pdftex.def Info: GRAFICAS//heapsort_me_so_a.png  used on input line 990
.
(pdftex.def)             Requested size: 385.4405pt x 289.0804pt.
 [34 <./GRAFICAS//heapsort_me_so_a.png (PNG copy)>] [35]
<GRAFICAS//heapsort_m_so_a.png, id=591, 481.8pt x 361.35pt>
File: GRAFICAS//heapsort_m_so_a.png Graphic file (type png)
<use GRAFICAS//heapsort_m_so_a.png>
Package pdftex.def Info: GRAFICAS//heapsort_m_so_a.png  used on input line 1048
.
(pdftex.def)             Requested size: 385.4405pt x 289.0804pt.
 [36 <./GRAFICAS//heapsort_m_so_a.png (PNG copy)>]
Overfull \hbox (76.47394pt too wide) in paragraph at lines 1075--1076
[][][][][][][][][][][][][][][][][][][][][][][] 
 []


Overfull \hbox (76.47394pt too wide) in paragraph at lines 1079--1080
[][][][][][][][][][][][][][][][][][][][][][][] 
 []


Overfull \hbox (27.12402pt too wide) in paragraph at lines 1080--1081
[][][][][][][][] 
 []


Overfull \hbox (27.12402pt too wide) in paragraph at lines 1082--1083
[][][][][][] 
 []


Overfull \hbox (5.97406pt too wide) in paragraph at lines 1083--1084
[][][][][][][] 
 []


Overfull \hbox (41.224pt too wide) in paragraph at lines 1084--1085
[][][][][][][][][][] 
 []


Overfull \hbox (41.224pt too wide) in paragraph at lines 1085--1086
[][][][][][][][][][][] 
 []


Overfull \hbox (76.47394pt too wide) in paragraph at lines 1092--1093
[][][][][][][][][][][][][][][][][][][][][][][][][][][][][][][][][][][][][][] 
 []

[37]
Overfull \hbox (20.07404pt too wide) in paragraph at lines 1111--1112
[][][][][][][][][][][][][][][][][][][][][][][] 
 []

[38] [39]
<GRAFICAS//mergesort_p_so_a.png, id=671, 481.8pt x 361.35pt>
File: GRAFICAS//mergesort_p_so_a.png Graphic file (type png)
<use GRAFICAS//mergesort_p_so_a.png>
Package pdftex.def Info: GRAFICAS//mergesort_p_so_a.png  used on input line 118
0.
(pdftex.def)             Requested size: 385.4405pt x 289.0804pt.
 [40 <./GRAFICAS//mergesort_p_so_a.png (PNG copy)>] [41]
<GRAFICAS//mergesort_me_so_a.png, id=682, 481.8pt x 361.35pt>
File: GRAFICAS//mergesort_me_so_a.png Graphic file (type png)
<use GRAFICAS//mergesort_me_so_a.png>
Package pdftex.def Info: GRAFICAS//mergesort_me_so_a.png  used on input line 12
39.
(pdftex.def)             Requested size: 385.4405pt x 289.0804pt.
 [42 <./GRAFICAS//mergesort_me_so_a.png (PNG copy)>] [43]
<GRAFICAS//mergesort_m_so_a.png, id=694, 481.8pt x 361.35pt>
File: GRAFICAS//mergesort_m_so_a.png Graphic file (type png)
<use GRAFICAS//mergesort_m_so_a.png>
Package pdftex.def Info: GRAFICAS//mergesort_m_so_a.png  used on input line 129
6.
(pdftex.def)             Requested size: 385.4405pt x 289.0804pt.
 [44 <./GRAFICAS//mergesort_m_so_a.png (PNG copy)>]
Overfull \hbox (20.07404pt too wide) in paragraph at lines 1318--1319
[][][][][][][][][][][][][][][][][][][][] 
 []


Overfull \hbox (76.47394pt too wide) in paragraph at lines 1324--1325
[][][][][][][][][][][][][][][][][][][][][][][] 
 []


Overfull \hbox (76.47394pt too wide) in paragraph at lines 1348--1349
[][][][][][][][][][][][][][][][][][][][][][][] 
 []


Overfull \hbox (69.42395pt too wide) in paragraph at lines 1351--1352
[][][][][][][][][][][][][][][][][][][][][][][][][][] 
 []


Overfull \hbox (76.47394pt too wide) in paragraph at lines 1352--1354
[][][][][][][][][][][][][][][][][][][][][][][] 
 []

[45]
Overfull \hbox (48.27399pt too wide) in paragraph at lines 1362--1363
[][][][][][][][][][][][][][][][][][][][][][][] 
 []


Overfull \hbox (20.07404pt too wide) in paragraph at lines 1373--1374
[][][][][][][][][][][][][][][][][][][][][][][][][][][][][][][][][][] 
 []

[46] [47]
<GRAFICAS//quicksort_p_so_a.png, id=788, 481.8pt x 361.35pt>
File: GRAFICAS//quicksort_p_so_a.png Graphic file (type png)
<use GRAFICAS//quicksort_p_so_a.png>
Package pdftex.def Info: GRAFICAS//quicksort_p_so_a.png  used on input line 144
6.
(pdftex.def)             Requested size: 385.4405pt x 289.0804pt.
 [48 <./GRAFICAS//quicksort_p_so_a.png (PNG copy)>] [49]
<GRAFICAS//quicksort_me_so_a.png, id=800, 481.8pt x 361.35pt>
File: GRAFICAS//quicksort_me_so_a.png Graphic file (type png)
<use GRAFICAS//quicksort_me_so_a.png>
Package pdftex.def Info: GRAFICAS//quicksort_me_so_a.png  used on input line 15
06.
(pdftex.def)             Requested size: 385.4405pt x 289.0804pt.
 [50 <./GRAFICAS//quicksort_me_so_a.png (PNG copy)>] [51]
<GRAFICAS//quicksort_m_so_a.png, id=811, 481.8pt x 361.35pt>
File: GRAFICAS//quicksort_m_so_a.png Graphic file (type png)
<use GRAFICAS//quicksort_m_so_a.png>
Package pdftex.def Info: GRAFICAS//quicksort_m_so_a.png  used on input line 156
4.
(pdftex.def)             Requested size: 385.4405pt x 289.0804pt.
 [52 <./GRAFICAS//quicksort_m_so_a.png (PNG copy)>]
Overfull \hbox (17.5098pt too wide) in paragraph at lines 1575--1575
[]\OT1/cmr/bx/n/17.28 Eficiencia Emp^^S^^Pri-ca con va-ria-ci^^Son de par^^Same
-
 []


Underfull \hbox (badness 10000) in paragraph at lines 1577--1578

 []

[53] [54]
<GRAFICAS//burbuja_me_co.png, id=826, 481.8pt x 361.35pt>
File: GRAFICAS//burbuja_me_co.png Graphic file (type png)
<use GRAFICAS//burbuja_me_co.png>
Package pdftex.def Info: GRAFICAS//burbuja_me_co.png  used on input line 1631.
(pdftex.def)             Requested size: 385.4405pt x 289.0804pt.
 [55 <./GRAFICAS//burbuja_me_co.png (PNG copy)>] [56]
<GRAFICAS//insercion_me_co.png, id=838, 481.8pt x 361.35pt>
File: GRAFICAS//insercion_me_co.png Graphic file (type png)
<use GRAFICAS//insercion_me_co.png>
Package pdftex.def Info: GRAFICAS//insercion_me_co.png  used on input line 1689
.
(pdftex.def)             Requested size: 385.4405pt x 289.0804pt.
 [57 <./GRAFICAS//insercion_me_co.png (PNG copy)>] [58]
<GRAFICAS//seleccion_me_co.png, id=849, 481.8pt x 361.35pt>
File: GRAFICAS//seleccion_me_co.png Graphic file (type png)
<use GRAFICAS//seleccion_me_co.png>
Package pdftex.def Info: GRAFICAS//seleccion_me_co.png  used on input line 1745
.
(pdftex.def)             Requested size: 385.4405pt x 289.0804pt.
 [59 <./GRAFICAS//seleccion_me_co.png (PNG copy)>] [60]
<GRAFICAS//heapsort_me_co.png, id=860, 481.8pt x 361.35pt>
File: GRAFICAS//heapsort_me_co.png Graphic file (type png)
<use GRAFICAS//heapsort_me_co.png>
Package pdftex.def Info: GRAFICAS//heapsort_me_co.png  used on input line 1802.

(pdftex.def)             Requested size: 385.4405pt x 289.0804pt.
 [61 <./GRAFICAS//heapsort_me_co.png (PNG copy)>] [62]
<GRAFICAS//mergesort_me_co.png, id=872, 481.8pt x 361.35pt>
File: GRAFICAS//mergesort_me_co.png Graphic file (type png)
<use GRAFICAS//mergesort_me_co.png>
Package pdftex.def Info: GRAFICAS//mergesort_me_co.png  used on input line 1858
.
(pdftex.def)             Requested size: 385.4405pt x 289.0804pt.
 [63 <./GRAFICAS//mergesort_me_co.png (PNG copy)>] [64]
<GRAFICAS//quicksort_me_co.png, id=883, 481.8pt x 361.35pt>
File: GRAFICAS//quicksort_me_co.png Graphic file (type png)
<use GRAFICAS//quicksort_me_co.png>
Package pdftex.def Info: GRAFICAS//quicksort_me_co.png  used on input line 1914
.
(pdftex.def)             Requested size: 385.4405pt x 289.0804pt.
 [65 <./GRAFICAS//quicksort_me_co.png (PNG copy)>]

Package hyperref Warning: Token not allowed in a PDF string (Unicode):
(hyperref)                removing `math shift' on input line 1928.


Package hyperref Warning: Token not allowed in a PDF string (Unicode):
(hyperref)                removing `math shift' on input line 1928.

<GRAFICAS//comparacion_cuadraticos.png, id=890, 481.8pt x 361.35pt>
File: GRAFICAS//comparacion_cuadraticos.png Graphic file (type png)
<use GRAFICAS//comparacion_cuadraticos.png>
Package pdftex.def Info: GRAFICAS//comparacion_cuadraticos.png  used on input l
ine 1935.
(pdftex.def)             Requested size: 385.4405pt x 289.0804pt.
[66 <./GRAFICAS//comparacion_cuadraticos.png (PNG copy)>]

Package hyperref Warning: Token not allowed in a PDF string (Unicode):
(hyperref)                removing `math shift' on input line 1944.


Package hyperref Warning: Token not allowed in a PDF string (Unicode):
(hyperref)                removing `math shift' on input line 1944.

<GRAFICAS//comparacion_logaritmicos.png, id=897, 481.8pt x 361.35pt>
File: GRAFICAS//comparacion_logaritmicos.png Graphic file (type png)
<use GRAFICAS//comparacion_logaritmicos.png>
Package pdftex.def Info: GRAFICAS//comparacion_logaritmicos.png  used on input 
line 1951.
(pdftex.def)             Requested size: 385.4405pt x 289.0804pt.
[67 <./GRAFICAS//comparacion_logaritmicos.png (PNG copy)>]
<GRAFICAS//comparacion_bb.png, id=904, 481.8pt x 361.35pt>
File: GRAFICAS//comparacion_bb.png Graphic file (type png)
<use GRAFICAS//comparacion_bb.png>
Package pdftex.def Info: GRAFICAS//comparacion_bb.png  used on input line 1970.

(pdftex.def)             Requested size: 385.4405pt x 289.0804pt.
 [68 <./GRAFICAS//comparacion_bb.png (PNG copy)>]
<GRAFICAS//comparacion_ii.png, id=910, 481.8pt x 361.35pt>
File: GRAFICAS//comparacion_ii.png Graphic file (type png)
<use GRAFICAS//comparacion_ii.png>
Package pdftex.def Info: GRAFICAS//comparacion_ii.png  used on input line 1983.

(pdftex.def)             Requested size: 385.4405pt x 289.0804pt.
 [69 <./GRAFICAS//comparacion_ii.png (PNG copy)>]
<GRAFICAS//comparacion_ss.png, id=916, 481.8pt x 361.35pt>
File: GRAFICAS//comparacion_ss.png Graphic file (type png)
<use GRAFICAS//comparacion_ss.png>
Package pdftex.def Info: GRAFICAS//comparacion_ss.png  used on input line 1998.

(pdftex.def)             Requested size: 385.4405pt x 289.0804pt.

[70 <./GRAFICAS//comparacion_ss.png (PNG copy)>]
<GRAFICAS//comparacion_hh.png, id=922, 481.8pt x 361.35pt>
File: GRAFICAS//comparacion_hh.png Graphic file (type png)
<use GRAFICAS//comparacion_hh.png>
Package pdftex.def Info: GRAFICAS//comparacion_hh.png  used on input line 2013.

(pdftex.def)             Requested size: 385.4405pt x 289.0804pt.
 [71 <./GRAFICAS//comparacion_hh.png (PNG copy)>]
<GRAFICAS//comparacion_mm.png, id=928, 481.8pt x 361.35pt>
File: GRAFICAS//comparacion_mm.png Graphic file (type png)
<use GRAFICAS//comparacion_mm.png>
Package pdftex.def Info: GRAFICAS//comparacion_mm.png  used on input line 2026.

(pdftex.def)             Requested size: 385.4405pt x 289.0804pt.
 [72 <./GRAFICAS//comparacion_mm.png (PNG copy)>]
<GRAFICAS//comparacion_qq.png, id=934, 481.8pt x 361.35pt>
File: GRAFICAS//comparacion_qq.png Graphic file (type png)
<use GRAFICAS//comparacion_qq.png>
Package pdftex.def Info: GRAFICAS//comparacion_qq.png  used on input line 2039.

(pdftex.def)             Requested size: 385.4405pt x 289.0804pt.
 [73 <./GRAFICAS//comparacion_qq.png (PNG copy)>] [74] (./Eficiencia.aux
LaTeX Info: Redefining \. on input line 25.
LaTeX Info: Redefining \% on input line 25.
)
Package rerunfilecheck Info: File `Eficiencia.out' has not changed.
(rerunfilecheck)             Checksum: 381CE34474DFE78F559433FE00372D8F;6717.
 ) 
Here is how much of TeX's memory you used:
 13048 strings out of 478287
 203174 string characters out of 5849289
 705501 words of memory out of 5000000
 30609 multiletter control sequences out of 15000+600000
 483519 words of font info for 79 fonts, out of 8000000 for 9000
 1141 hyphenation exceptions out of 8191
 87i,10n,91p,522b,1894s stack positions out of 5000i,500n,10000p,200000b,80000s
{/usr/share/texmf/fonts/enc/dvips/cm-super/cm-super-ts1.enc}</usr/share/texli
ve/texmf-dist/fonts/type1/public/amsfonts/cm/cmbx12.pfb></usr/share/texlive/tex
mf-dist/fonts/type1/public/amsfonts/cm/cmbxti10.pfb></usr/share/texlive/texmf-d
ist/fonts/type1/public/amsfonts/cm/cmcsc10.pfb></usr/share/texlive/texmf-dist/f
onts/type1/public/amsfonts/cm/cmmi12.pfb></usr/share/texlive/texmf-dist/fonts/t
ype1/public/amsfonts/cm/cmmi8.pfb></usr/share/texlive/texmf-dist/fonts/type1/pu
blic/amsfonts/cm/cmr12.pfb></usr/share/texlive/texmf-dist/fonts/type1/public/am
sfonts/cm/cmr17.pfb></usr/share/texlive/texmf-dist/fonts/type1/public/amsfonts/
cm/cmr8.pfb></usr/share/texlive/texmf-dist/fonts/type1/public/amsfonts/cm/cmsy1
0.pfb></usr/share/texlive/texmf-dist/fonts/type1/public/amsfonts/cm/cmti12.pfb>
</usr/share/texlive/texmf-dist/fonts/type1/public/amsfonts/symbols/msbm10.pfb><
/usr/share/texmf/fonts/type1/public/cm-super/sfbi1200.pfb></usr/share/texmf/fon
ts/type1/public/cm-super/sfbi1440.pfb></usr/share/texmf/fonts/type1/public/cm-s
uper/sfbi1728.pfb></usr/share/texmf/fonts/type1/public/cm-super/sfrm1200.pfb></
usr/share/texmf/fonts/type1/public/cm-super/sfti1200.pfb>
Output written on Eficiencia.pdf (74 pages, 987325 bytes).
PDF statistics:
 1112 PDF objects out of 1200 (max. 8388607)
 960 compressed objects within 10 object streams
 445 named destinations out of 1000 (max. 500000)
 574 words of extra memory for PDF output out of 10000 (max. 10000000)

