

*******************************************************************************
Sun Mar 19 20:15:58 2023


FIT:    data read from 'burbuja_me_so.dat'
        format = z
        #datapoints = 25
        residuals are weighted equally (unit weight)

function used for fitting: f(x)
	f(x) = a2*x*x+a1*x+a0
fitted parameters initialized with current variable values

iter      chisq       delta/lim  lambda   a2            a1            a0           
   0 1.3460545254e+21   0.00e+00  4.24e+09    1.000000e+00   1.000000e+00   1.000000e+00
  13 9.0666622125e+00  -2.24e-04  4.24e-04    1.991250e-09   4.464381e-05  -9.522449e-01

After 13 iterations the fit converged.
final sum of squares of residuals : 9.06666
rel. change during last iteration : -2.23882e-09

degrees of freedom    (FIT_NDF)                        : 22
rms of residuals      (FIT_STDFIT) = sqrt(WSSR/ndf)    : 0.641967
variance of residuals (reduced chisquare) = WSSR/ndf   : 0.412121

Final set of parameters            Asymptotic Standard Error
=======================            ==========================
a2              = 1.99125e-09      +/- 1.107e-10    (5.559%)
a1              = 4.46438e-05      +/- 1.482e-05    (33.2%)
a0              = -0.952245        +/- 0.4182       (43.92%)

correlation matrix of the fit parameters:
                a2     a1     a0     
a2              1.000 
a1             -0.971  1.000 
a0              0.774 -0.884  1.000 


*******************************************************************************
Tue Mar 21 01:07:11 2023


FIT:    data read from 'burbuja_m_so.dat'
        format = z
        #datapoints = 40
        residuals are weighted equally (unit weight)

function used for fitting: f(x)
	f(x) = a2*x*x+a1*x+a0
fitted parameters initialized with current variable values

iter      chisq       delta/lim  lambda   a2            a1            a0           
   0 1.4575031287e+21   0.00e+00  3.49e+09    1.000000e+00   1.000000e+00   1.000000e+00
  13 7.2675575520e+00  -1.38e-06  3.49e-04    1.160486e-09  -1.120941e-05   1.127452e-01

After 13 iterations the fit converged.
final sum of squares of residuals : 7.26756
rel. change during last iteration : -1.38011e-11

degrees of freedom    (FIT_NDF)                        : 37
rms of residuals      (FIT_STDFIT) = sqrt(WSSR/ndf)    : 0.443193
variance of residuals (reduced chisquare) = WSSR/ndf   : 0.19642

Final set of parameters            Asymptotic Standard Error
=======================            ==========================
a2              = 1.16049e-09      +/- 6.139e-11    (5.29%)
a1              = -1.12094e-05     +/- 7.853e-06    (70.06%)
a0              = 0.112745         +/- 0.2108       (187%)

correlation matrix of the fit parameters:
                a2     a1     a0     
a2              1.000 
a1             -0.964  1.000 
a0              0.767 -0.885  1.000 


*******************************************************************************
Tue Mar 21 15:07:19 2023


FIT:    data read from 'burbuja_p_so.dat'
        format = z
        #datapoints = 25
        residuals are weighted equally (unit weight)

function used for fitting: f(x)
	f(x) = a2*x*x+a1*x+a0
fitted parameters initialized with current variable values

iter      chisq       delta/lim  lambda   a2            a1            a0           
   0 1.3460545275e+21   0.00e+00  4.24e+09    1.000000e+00   1.000000e+00   1.000000e+00
  13 2.8895210696e+00  -6.39e-05  4.24e-04    1.771094e-09  -2.579081e-05   4.111094e-01

After 13 iterations the fit converged.
final sum of squares of residuals : 2.88952
rel. change during last iteration : -6.39166e-10

degrees of freedom    (FIT_NDF)                        : 22
rms of residuals      (FIT_STDFIT) = sqrt(WSSR/ndf)    : 0.362411
variance of residuals (reduced chisquare) = WSSR/ndf   : 0.131342

Final set of parameters            Asymptotic Standard Error
=======================            ==========================
a2              = 1.77109e-09      +/- 6.249e-11    (3.528%)
a1              = -2.57908e-05     +/- 8.368e-06    (32.45%)
a0              = 0.411109         +/- 0.2361       (57.43%)

correlation matrix of the fit parameters:
                a2     a1     a0     
a2              1.000 
a1             -0.971  1.000 
a0              0.774 -0.884  1.000 
