This is pdfTeX, Version 3.141592653-2.6-1.40.22 (TeX Live 2022/dev/Debian) (preloaded format=pdflatex 2023.3.17)  17 MAY 2023 20:22
entering extended mode
 restricted \write18 enabled.
 %&-line parsing enabled.
**exploracion_grafos.tex
(./exploracion_grafos.tex
LaTeX2e <2021-11-15> patch level 1
L3 programming layer <2022-01-21>
(/usr/share/texlive/texmf-dist/tex/latex/base/article.cls
Document Class: article 2021/10/04 v1.4n Standard LaTeX document class
(/usr/share/texlive/texmf-dist/tex/latex/base/size12.clo
File: size12.clo 2021/10/04 v1.4n Standard LaTeX file (size option)
)
\c@part=\count185
\c@section=\count186
\c@subsection=\count187
\c@subsubsection=\count188
\c@paragraph=\count189
\c@subparagraph=\count190
\c@figure=\count191
\c@table=\count192
\abovecaptionskip=\skip47
\belowcaptionskip=\skip48
\bibindent=\dimen138
)
(/usr/share/texlive/texmf-dist/tex/latex/base/inputenc.sty
Package: inputenc 2021/02/14 v1.3d Input encoding file
\inpenc@prehook=\toks16
\inpenc@posthook=\toks17
)
(/usr/share/texlive/texmf-dist/tex/generic/babel/babel.sty
Package: babel 2022/01/26 3.70 The Babel package
\babel@savecnt=\count193
\U@D=\dimen139
\l@unhyphenated=\language87

(/usr/share/texlive/texmf-dist/tex/generic/babel/txtbabel.def)
\bbl@readstream=\read2
\bbl@dirlevel=\count194

(/usr/share/texlive/texmf-dist/tex/generic/babel-spanish/spanish.ldf
Language: spanish.ldf 2021/05/27 v5.0q Spanish support from the babel system
\es@quottoks=\toks18
\es@quotdepth=\count195
Package babel Info: Making " an active character on input line 570.
Package babel Info: Making . an active character on input line 675.
Package babel Info: Making < an active character on input line 722.
Package babel Info: Making > an active character on input line 722.
))
(/usr/share/texlive/texmf-dist/tex/latex/hyperref/hyperref.sty
Package: hyperref 2021-06-07 v7.00m Hypertext links for LaTeX

(/usr/share/texlive/texmf-dist/tex/generic/ltxcmds/ltxcmds.sty
Package: ltxcmds 2020-05-10 v1.25 LaTeX kernel commands for general use (HO)
)
(/usr/share/texlive/texmf-dist/tex/generic/iftex/iftex.sty
Package: iftex 2020/03/06 v1.0d TeX engine tests
)
(/usr/share/texlive/texmf-dist/tex/generic/pdftexcmds/pdftexcmds.sty
Package: pdftexcmds 2020-06-27 v0.33 Utility functions of pdfTeX for LuaTeX (HO
)

(/usr/share/texlive/texmf-dist/tex/generic/infwarerr/infwarerr.sty
Package: infwarerr 2019/12/03 v1.5 Providing info/warning/error messages (HO)
)
Package pdftexcmds Info: \pdf@primitive is available.
Package pdftexcmds Info: \pdf@ifprimitive is available.
Package pdftexcmds Info: \pdfdraftmode found.
)
(/usr/share/texlive/texmf-dist/tex/latex/graphics/keyval.sty
Package: keyval 2014/10/28 v1.15 key=value parser (DPC)
\KV@toks@=\toks19
)
(/usr/share/texlive/texmf-dist/tex/generic/kvsetkeys/kvsetkeys.sty
Package: kvsetkeys 2019/12/15 v1.18 Key value parser (HO)
)
(/usr/share/texlive/texmf-dist/tex/generic/kvdefinekeys/kvdefinekeys.sty
Package: kvdefinekeys 2019-12-19 v1.6 Define keys (HO)
)
(/usr/share/texlive/texmf-dist/tex/generic/pdfescape/pdfescape.sty
Package: pdfescape 2019/12/09 v1.15 Implements pdfTeX's escape features (HO)
)
(/usr/share/texlive/texmf-dist/tex/latex/hycolor/hycolor.sty
Package: hycolor 2020-01-27 v1.10 Color options for hyperref/bookmark (HO)
)
(/usr/share/texlive/texmf-dist/tex/latex/letltxmacro/letltxmacro.sty
Package: letltxmacro 2019/12/03 v1.6 Let assignment for LaTeX macros (HO)
)
(/usr/share/texlive/texmf-dist/tex/latex/auxhook/auxhook.sty
Package: auxhook 2019-12-17 v1.6 Hooks for auxiliary files (HO)
)
(/usr/share/texlive/texmf-dist/tex/latex/kvoptions/kvoptions.sty
Package: kvoptions 2020-10-07 v3.14 Key value format for package options (HO)
)
\@linkdim=\dimen140
\Hy@linkcounter=\count196
\Hy@pagecounter=\count197

(/usr/share/texlive/texmf-dist/tex/latex/hyperref/pd1enc.def
File: pd1enc.def 2021-06-07 v7.00m Hyperref: PDFDocEncoding definition (HO)
Now handling font encoding PD1 ...
... no UTF-8 mapping file for font encoding PD1
)
(/usr/share/texlive/texmf-dist/tex/latex/hyperref/hyperref-langpatches.def
File: hyperref-langpatches.def 2021-06-07 v7.00m Hyperref: patches for babel la
nguages
)
(/usr/share/texlive/texmf-dist/tex/generic/intcalc/intcalc.sty
Package: intcalc 2019/12/15 v1.3 Expandable calculations with integers (HO)
)
(/usr/share/texlive/texmf-dist/tex/generic/etexcmds/etexcmds.sty
Package: etexcmds 2019/12/15 v1.7 Avoid name clashes with e-TeX commands (HO)
)
\Hy@SavedSpaceFactor=\count198

(/usr/share/texlive/texmf-dist/tex/latex/hyperref/puenc.def
File: puenc.def 2021-06-07 v7.00m Hyperref: PDF Unicode definition (HO)
Now handling font encoding PU ...
... no UTF-8 mapping file for font encoding PU
)
Package hyperref Info: Hyper figures OFF on input line 4192.
Package hyperref Info: Link nesting OFF on input line 4197.
Package hyperref Info: Hyper index ON on input line 4200.
Package hyperref Info: Plain pages OFF on input line 4207.
Package hyperref Info: Backreferencing ON on input line 4210.
Package hyperref Info: Implicit mode ON; LaTeX internals redefined.
Package hyperref Info: Bookmarks ON on input line 4445.

(/usr/share/texlive/texmf-dist/tex/latex/hyperref/backref.sty
Package: backref 2021/02/04 v1.41 Bibliographical back referencing

(/usr/share/texlive/texmf-dist/tex/latex/rerunfilecheck/rerunfilecheck.sty
Package: rerunfilecheck 2019/12/05 v1.9 Rerun checks for auxiliary files (HO)

(/usr/share/texlive/texmf-dist/tex/latex/base/atveryend-ltx.sty
Package: atveryend-ltx 2020/08/19 v1.0a Emulation of the original atveryend pac
kage
with kernel methods
)
(/usr/share/texlive/texmf-dist/tex/generic/uniquecounter/uniquecounter.sty
Package: uniquecounter 2019/12/15 v1.4 Provide unlimited unique counter (HO)

(/usr/share/texlive/texmf-dist/tex/generic/bigintcalc/bigintcalc.sty
Package: bigintcalc 2019/12/15 v1.5 Expandable calculations on big integers (HO
)
))
Package uniquecounter Info: New unique counter `rerunfilecheck' on input line 2
86.
))
\c@Hy@tempcnt=\count199

(/usr/share/texlive/texmf-dist/tex/latex/url/url.sty
\Urlmuskip=\muskip16
Package: url 2013/09/16  ver 3.4  Verb mode for urls, etc.
)
LaTeX Info: Redefining \url on input line 4804.
\XeTeXLinkMargin=\dimen141

(/usr/share/texlive/texmf-dist/tex/generic/bitset/bitset.sty
Package: bitset 2019/12/09 v1.3 Handle bit-vector datatype (HO)
)
\Fld@menulength=\count266
\Field@Width=\dimen142
\Fld@charsize=\dimen143
Package hyperref Info: Hyper figures OFF on input line 6076.
Package hyperref Info: Link nesting OFF on input line 6081.
Package hyperref Info: Hyper index ON on input line 6084.
Package hyperref Info: backreferencing ON on input line 6089.
Package hyperref Info: Link coloring OFF on input line 6096.
Package hyperref Info: Link coloring with OCG OFF on input line 6101.
Package hyperref Info: PDF/A mode OFF on input line 6106.
LaTeX Info: Redefining \ref on input line 6146.
LaTeX Info: Redefining \pageref on input line 6150.

(/usr/share/texlive/texmf-dist/tex/latex/base/atbegshi-ltx.sty
Package: atbegshi-ltx 2021/01/10 v1.0c Emulation of the original atbegshi
package with kernel methods
)
\Hy@abspage=\count267
\c@Item=\count268
\c@Hfootnote=\count269
)
Package hyperref Info: Driver (autodetected): hpdftex.

(/usr/share/texlive/texmf-dist/tex/latex/hyperref/hpdftex.def
File: hpdftex.def 2021-06-07 v7.00m Hyperref driver for pdfTeX
\Fld@listcount=\count270
\c@bookmark@seq@number=\count271
\Hy@SectionHShift=\skip49
)
(/usr/share/texlive/texmf-dist/tex/latex/amsfonts/amssymb.sty
Package: amssymb 2013/01/14 v3.01 AMS font symbols

(/usr/share/texlive/texmf-dist/tex/latex/amsfonts/amsfonts.sty
Package: amsfonts 2013/01/14 v3.01 Basic AMSFonts support
\@emptytoks=\toks20
\symAMSa=\mathgroup4
\symAMSb=\mathgroup5
LaTeX Font Info:    Redeclaring math symbol \hbar on input line 98.
LaTeX Font Info:    Overwriting math alphabet `\mathfrak' in version `bold'
(Font)                  U/euf/m/n --> U/euf/b/n on input line 106.
))
(/usr/share/texlive/texmf-dist/tex/latex/amsmath/amsmath.sty
Package: amsmath 2021/10/15 v2.17l AMS math features
\@mathmargin=\skip50

For additional information on amsmath, use the `?' option.
(/usr/share/texlive/texmf-dist/tex/latex/amsmath/amstext.sty
Package: amstext 2021/08/26 v2.01 AMS text

(/usr/share/texlive/texmf-dist/tex/latex/amsmath/amsgen.sty
File: amsgen.sty 1999/11/30 v2.0 generic functions
\@emptytoks=\toks21
\ex@=\dimen144
))
(/usr/share/texlive/texmf-dist/tex/latex/amsmath/amsbsy.sty
Package: amsbsy 1999/11/29 v1.2d Bold Symbols
\pmbraise@=\dimen145
)
(/usr/share/texlive/texmf-dist/tex/latex/amsmath/amsopn.sty
Package: amsopn 2021/08/26 v2.02 operator names
)
\inf@bad=\count272
LaTeX Info: Redefining \frac on input line 234.
\uproot@=\count273
\leftroot@=\count274
LaTeX Info: Redefining \overline on input line 399.
\classnum@=\count275
\DOTSCASE@=\count276
LaTeX Info: Redefining \ldots on input line 496.
LaTeX Info: Redefining \dots on input line 499.
LaTeX Info: Redefining \cdots on input line 620.
\Mathstrutbox@=\box50
\strutbox@=\box51
\big@size=\dimen146
LaTeX Font Info:    Redeclaring font encoding OML on input line 743.
LaTeX Font Info:    Redeclaring font encoding OMS on input line 744.
\macc@depth=\count277
\c@MaxMatrixCols=\count278
\dotsspace@=\muskip17
\c@parentequation=\count279
\dspbrk@lvl=\count280
\tag@help=\toks22
\row@=\count281
\column@=\count282
\maxfields@=\count283
\andhelp@=\toks23
\eqnshift@=\dimen147
\alignsep@=\dimen148
\tagshift@=\dimen149
\tagwidth@=\dimen150
\totwidth@=\dimen151
\lineht@=\dimen152
\@envbody=\toks24
\multlinegap=\skip51
\multlinetaggap=\skip52
\mathdisplay@stack=\toks25
LaTeX Info: Redefining \[ on input line 2938.
LaTeX Info: Redefining \] on input line 2939.
)
(/usr/share/texlive/texmf-dist/tex/latex/comment/comment.sty
\CommentStream=\write3

Excluding comment 'comment')
(/usr/share/texlive/texmf-dist/tex/latex/graphics/graphicx.sty
Package: graphicx 2021/09/16 v1.2d Enhanced LaTeX Graphics (DPC,SPQR)

(/usr/share/texlive/texmf-dist/tex/latex/graphics/graphics.sty
Package: graphics 2021/03/04 v1.4d Standard LaTeX Graphics (DPC,SPQR)

(/usr/share/texlive/texmf-dist/tex/latex/graphics/trig.sty
Package: trig 2021/08/11 v1.11 sin cos tan (DPC)
)
(/usr/share/texlive/texmf-dist/tex/latex/graphics-cfg/graphics.cfg
File: graphics.cfg 2016/06/04 v1.11 sample graphics configuration
)
Package graphics Info: Driver file: pdftex.def on input line 107.

(/usr/share/texlive/texmf-dist/tex/latex/graphics-def/pdftex.def
File: pdftex.def 2020/10/05 v1.2a Graphics/color driver for pdftex
))
\Gin@req@height=\dimen153
\Gin@req@width=\dimen154
)
(/usr/share/texlive/texmf-dist/tex/latex/listings/listings.sty
\lst@mode=\count284
\lst@gtempboxa=\box52
\lst@token=\toks26
\lst@length=\count285
\lst@currlwidth=\dimen155
\lst@column=\count286
\lst@pos=\count287
\lst@lostspace=\dimen156
\lst@width=\dimen157
\lst@newlines=\count288
\lst@lineno=\count289
\lst@maxwidth=\dimen158

(/usr/share/texlive/texmf-dist/tex/latex/listings/lstmisc.sty
File: lstmisc.sty 2020/03/24 1.8d (Carsten Heinz)
\c@lstnumber=\count290
\lst@skipnumbers=\count291
\lst@framebox=\box53
)
(/usr/share/texlive/texmf-dist/tex/latex/listings/listings.cfg
File: listings.cfg 2020/03/24 1.8d listings configuration
))
Package: listings 2020/03/24 1.8d (Carsten Heinz)

(/usr/share/texlive/texmf-dist/tex/latex/l3backend/l3backend-pdftex.def
File: l3backend-pdftex.def 2022-01-12 L3 backend support: PDF output (pdfTeX)
\l__color_backend_stack_int=\count292
\l__pdf_internal_box=\box54
)
(./exploracion_grafos.aux
LaTeX Info: Redefining \. on input line 25.
LaTeX Info: Redefining \% on input line 25.
)
\openout1 = `exploracion_grafos.aux'.

LaTeX Font Info:    Checking defaults for OML/cmm/m/it on input line 29.
LaTeX Font Info:    ... okay on input line 29.
LaTeX Font Info:    Checking defaults for OMS/cmsy/m/n on input line 29.
LaTeX Font Info:    ... okay on input line 29.
LaTeX Font Info:    Checking defaults for OT1/cmr/m/n on input line 29.
LaTeX Font Info:    ... okay on input line 29.
LaTeX Font Info:    Checking defaults for T1/cmr/m/n on input line 29.
LaTeX Font Info:    ... okay on input line 29.
LaTeX Font Info:    Checking defaults for TS1/cmr/m/n on input line 29.
LaTeX Font Info:    ... okay on input line 29.
LaTeX Font Info:    Checking defaults for OMX/cmex/m/n on input line 29.
LaTeX Font Info:    ... okay on input line 29.
LaTeX Font Info:    Checking defaults for U/cmr/m/n on input line 29.
LaTeX Font Info:    ... okay on input line 29.
LaTeX Font Info:    Checking defaults for PD1/pdf/m/n on input line 29.
LaTeX Font Info:    ... okay on input line 29.
LaTeX Font Info:    Checking defaults for PU/pdf/m/n on input line 29.
LaTeX Font Info:    ... okay on input line 29.
LaTeX Info: Redefining \. on input line 29.
LaTeX Info: Redefining \% on input line 29.
Package hyperref Info: Link coloring OFF on input line 29.

(/usr/share/texlive/texmf-dist/tex/latex/hyperref/nameref.sty
Package: nameref 2021-04-02 v2.47 Cross-referencing by name of section

(/usr/share/texlive/texmf-dist/tex/latex/refcount/refcount.sty
Package: refcount 2019/12/15 v3.6 Data extraction from label references (HO)
)
(/usr/share/texlive/texmf-dist/tex/generic/gettitlestring/gettitlestring.sty
Package: gettitlestring 2019/12/15 v1.6 Cleanup title references (HO)
)
\c@section@level=\count293
)
LaTeX Info: Redefining \ref on input line 29.
LaTeX Info: Redefining \pageref on input line 29.
LaTeX Info: Redefining \nameref on input line 29.

(./exploracion_grafos.out) (./exploracion_grafos.out)
\@outlinefile=\write4
\openout4 = `exploracion_grafos.out'.


(/usr/share/texlive/texmf-dist/tex/context/base/mkii/supp-pdf.mkii
[Loading MPS to PDF converter (version 2006.09.02).]
\scratchcounter=\count294
\scratchdimen=\dimen159
\scratchbox=\box55
\nofMPsegments=\count295
\nofMParguments=\count296
\everyMPshowfont=\toks27
\MPscratchCnt=\count297
\MPscratchDim=\dimen160
\MPnumerator=\count298
\makeMPintoPDFobject=\count299
\everyMPtoPDFconversion=\toks28
) (/usr/share/texlive/texmf-dist/tex/latex/epstopdf-pkg/epstopdf-base.sty
Package: epstopdf-base 2020-01-24 v2.11 Base part for package epstopdf
Package epstopdf-base Info: Redefining graphics rule for `.eps' on input line 4
85.

(/usr/share/texlive/texmf-dist/tex/latex/latexconfig/epstopdf-sys.cfg
File: epstopdf-sys.cfg 2010/07/13 v1.3 Configuration of (r)epstopdf for TeX Liv
e
))
\c@lstlisting=\count300
<IMAGENES//foto_portada.png, id=116, 538.01pt x 506.89375pt>
File: IMAGENES//foto_portada.png Graphic file (type png)
<use IMAGENES//foto_portada.png>
Package pdftex.def Info: IMAGENES//foto_portada.png  used on input line 35.
(pdftex.def)             Requested size: 234.00238pt x 220.46606pt.

[1

{/var/lib/texmf/fonts/map/pdftex/updmap/pdftex.map} <./IMAGENES//foto_portada.p
ng>] (./exploracion_grafos.toc
LaTeX Info: Redefining \. on input line 1.
LaTeX Info: Redefining \% on input line 1.
LaTeX Font Info:    Trying to load font information for U+msa on input line 4.

(/usr/share/texlive/texmf-dist/tex/latex/amsfonts/umsa.fd
File: umsa.fd 2013/01/14 v3.01 AMS symbols A
)
LaTeX Font Info:    Trying to load font information for U+msb on input line 4.

(/usr/share/texlive/texmf-dist/tex/latex/amsfonts/umsb.fd
File: umsb.fd 2013/01/14 v3.01 AMS symbols B
))
\tf@toc=\write5
\openout5 = `exploracion_grafos.toc'.

 [2] [3]
Underfull \hbox (badness 10000) in paragraph at lines 79--80

 []


Underfull \hbox (badness 10000) in paragraph at lines 81--84

 []


Overfull \hbox (2.7816pt too wide) in paragraph at lines 90--91
[]\OT1/cmr/m/n/12 La so-lu-ci^^Son de-be po-der ex-pre-sar-se me-dian-te una tu
-pla $(\OML/cmm/m/it/12 x[]; x[]; x[]; :::; x[]\OT1/cmr/m/n/12 )$. 
 []

[4] [5] [6]
Underfull \hbox (badness 10000) in paragraph at lines 171--172

 []

(/usr/share/texlive/texmf-dist/tex/latex/listings/lstlang1.sty
File: lstlang1.sty 2020/03/24 1.8d listings language file
)
(/usr/share/texlive/texmf-dist/tex/latex/listings/lstlang1.sty
File: lstlang1.sty 2020/03/24 1.8d listings language file
)
(/usr/share/texlive/texmf-dist/tex/latex/listings/lstmisc.sty
File: lstmisc.sty 2020/03/24 1.8d (Carsten Heinz)
)
LaTeX Font Info:    Trying to load font information for OML+cmr on input line 1
80.

(/usr/share/texlive/texmf-dist/tex/latex/base/omlcmr.fd
File: omlcmr.fd 2019/12/16 v2.5j Standard LaTeX font definitions
)
LaTeX Font Info:    Font shape `OML/cmr/m/n' in size <12> not available
(Font)              Font shape `OML/cmm/m/it' tried instead on input line 180.

Overfull \hbox (13.02405pt too wide) in paragraph at lines 182--183
[][][][][][][][][][][][] 
 []


Overfull \hbox (13.02405pt too wide) in paragraph at lines 191--192
[][][][][][][][][][][][][][][] 
 []

(/usr/share/texlive/texmf-dist/tex/latex/listings/lstlang1.sty
File: lstlang1.sty 2020/03/24 1.8d listings language file
)
(/usr/share/texlive/texmf-dist/tex/latex/listings/lstlang1.sty
File: lstlang1.sty 2020/03/24 1.8d listings language file
) [7]
Underfull \hbox (badness 10000) in paragraph at lines 221--222

 []


Underfull \hbox (badness 10000) in paragraph at lines 223--224

 []


Underfull \hbox (badness 10000) in paragraph at lines 225--226

 []


Underfull \hbox (badness 10000) in paragraph at lines 227--228

 []


Underfull \hbox (badness 10000) in paragraph at lines 229--230

 []


Underfull \hbox (badness 10000) in paragraph at lines 231--232

 []


Underfull \hbox (badness 10000) in paragraph at lines 233--234

 []


Underfull \hbox (badness 10000) in paragraph at lines 235--236

 []

[8]
Underfull \hbox (badness 10000) in paragraph at lines 247--248

 []

LaTeX Font Info:    Trying to load font information for OMS+cmr on input line 2
61.
(/usr/share/texlive/texmf-dist/tex/latex/base/omscmr.fd
File: omscmr.fd 2019/12/16 v2.5j Standard LaTeX font definitions
)
LaTeX Font Info:    Font shape `OMS/cmr/m/n' in size <12> not available
(Font)              Font shape `OMS/cmsy/m/n' tried instead on input line 261.
 [9]
Underfull \hbox (badness 10000) in paragraph at lines 277--278

 []


Overfull \hbox (18.89929pt too wide) in paragraph at lines 301--302
[][][][][][][][][][][][][][][][][][][][][][][] 
 []


Overfull \hbox (18.89929pt too wide) in paragraph at lines 309--311
[][][][][][][][][][][][][][][][][] 
 []

[10]
Underfull \hbox (badness 10000) in paragraph at lines 325--327

 []


Overfull \hbox (75.2992pt too wide) in paragraph at lines 336--337
[][][][][][][][][][][][][][][][][][][][][][][] 
 []


Overfull \hbox (54.14923pt too wide) in paragraph at lines 348--349
[][][][][][][][][][][][][][][][][][][][][][][] 
 []

[11]
Overfull \hbox (25.94928pt too wide) in paragraph at lines 361--362
[][][][][][][][][][][][][][][][][][][][][] 
 []


Overfull \hbox (11.8493pt too wide) in paragraph at lines 365--367
[][][][][][][][][][][][][][][][][] 
 []


Overfull \hbox (4.79932pt too wide) in paragraph at lines 373--374
[][][][][][][][][][][][][][][][][][][][][] 
 []


Overfull \hbox (47.09924pt too wide) in paragraph at lines 375--376
[][][][][][][][][][][][][][][][][][][][][][][] 
 []


Overfull \hbox (61.19922pt too wide) in paragraph at lines 377--378
[][][][][][][][][][][][][][][][][][][][][][][][][][][][] 
 []


Overfull \hbox (68.2492pt too wide) in paragraph at lines 386--387
[][][][][][][][][][][][][][][][][][][][][][][] 
 []

[12]
Overfull \hbox (25.94928pt too wide) in paragraph at lines 396--397
[][][][][][][][][][][][][][][][][][][][][][][] 
 []


Overfull \hbox (131.6991pt too wide) in paragraph at lines 398--399
[][][][][][][][][][][][][][][][][][][][][][][][][][][][] 
 []


Overfull \hbox (110.54913pt too wide) in paragraph at lines 401--402
[][][][][][][][][][][][][][][][][][][] 
 []


Overfull \hbox (103.49915pt too wide) in paragraph at lines 405--406
[][][][][][][][][][][][][][][][][][] 
 []


Overfull \hbox (117.59912pt too wide) in paragraph at lines 406--407
[][][][][][][][][][][][][][][][][][] 
 []


Overfull \hbox (18.89929pt too wide) in paragraph at lines 416--417
[][][][][][][][][][][][][][][][][][][][][] 
 []


Overfull \hbox (47.09924pt too wide) in paragraph at lines 430--431
[][][][][][][][][][][][][][][][][][][][][][][][][] 
 []


Overfull \hbox (18.89929pt too wide) in paragraph at lines 432--433
[][][][][][][][][][][][][][][][][][][][][] 
 []


Overfull \hbox (25.94928pt too wide) in paragraph at lines 433--434
[][][][][][][][][][][][][][][][][][][][][] 
 []

[13]
Overfull \hbox (40.04926pt too wide) in paragraph at lines 437--438
[][][][][][][][][][][][][][][][][][][] 
 []


Overfull \hbox (47.09924pt too wide) in paragraph at lines 438--440
[][][][][][] 
 []


Overfull \hbox (61.19922pt too wide) in paragraph at lines 442--444
[][][][][][][][][][][][] 
 []


Overfull \hbox (11.8493pt too wide) in paragraph at lines 446--447
[][][][][][][][][][][][][][][][][] 
 []


Overfull \hbox (18.89929pt too wide) in paragraph at lines 447--448
[][][][][][][][] 
 []


Overfull \hbox (25.94928pt too wide) in paragraph at lines 464--465
[][][][][][][][][][][][][][][][][][][][][][][][] 
 []

[14]
Overfull \hbox (82.34918pt too wide) in paragraph at lines 478--479
[][][][][][][][][][][][][][][][][][][][][][][] 
 []


Overfull \hbox (75.2992pt too wide) in paragraph at lines 480--481
[][][][][][][][][][][][][][][][][][][][][][][][][][][][][] 
 []


Overfull \hbox (47.09924pt too wide) in paragraph at lines 481--482
[][][][][][][][][][][][][][][][][][][][][][][][] 
 []


Overfull \hbox (110.54913pt too wide) in paragraph at lines 482--483
[][][][][][][][][][][][][][][][][][][][][][][][][][] 
 []


Overfull \hbox (54.14923pt too wide) in paragraph at lines 483--484
[][][][][][][][][][][][][][][][][][][][][][] 
 []


Overfull \hbox (47.09924pt too wide) in paragraph at lines 484--485
[][][][][][][][][][][][][][][][][][][][][][][] 
 []


Overfull \hbox (68.2492pt too wide) in paragraph at lines 486--487
[][][][][][][][][][][][][][][][][][][][][][][][][] 
 []


Overfull \hbox (11.8493pt too wide) in paragraph at lines 488--489
[][][][][][][][][][][][][][][][][][][][][] 
 []


Overfull \hbox (103.49915pt too wide) in paragraph at lines 494--497
[][][][][][][][][][][][][][][][][][][][][] 
 []


Overfull \hbox (117.59912pt too wide) in paragraph at lines 497--499
[][][][][][][][][][][][][][][][][][][] 
 []


Overfull \hbox (124.64911pt too wide) in paragraph at lines 500--501
[][][][][][][][][][][][][][][][] 
 []


Overfull \hbox (18.89929pt too wide) in paragraph at lines 512--513
[][][][][][][][][][][][][][][][] 
 []


Overfull \hbox (82.34918pt too wide) in paragraph at lines 513--515
[][][][][][][][][][][][][][][][] 
 []


Overfull \hbox (103.49915pt too wide) in paragraph at lines 515--517
[][][][][][][][][][][][][][][][][] 
 []


Overfull \hbox (11.8493pt too wide) in paragraph at lines 517--518
[][][][][][][][][][][][][][][][] 
 []

[15]
Overfull \hbox (54.14923pt too wide) in paragraph at lines 519--520
[][][][][][][][][][][][][][][][] 
 []


Underfull \hbox (badness 10000) in paragraph at lines 534--535

 []


Underfull \hbox (badness 10000) in paragraph at lines 536--537

 []


Overfull \hbox (32.99927pt too wide) in paragraph at lines 541--542
[][][][][][][][][][][][][][][][][][][][][] 
 []


Overfull \hbox (40.04926pt too wide) in paragraph at lines 542--543
[][][][][][][][][][][][][][][][][][][][][][] 
 []


Overfull \hbox (54.14923pt too wide) in paragraph at lines 543--544
[][][][][][][][][][][][][][][][][][][][][][][][][] 
 []


Overfull \hbox (4.79932pt too wide) in paragraph at lines 544--545
[][][][][][][][][][][][][][][][][][][][][][] 
 []


Overfull \hbox (61.19922pt too wide) in paragraph at lines 546--547
[][][][][][][][][][][][][][][][][][][][][] 
 []


Overfull \hbox (47.09924pt too wide) in paragraph at lines 550--551
[][][][][][][][][][][][][][][][][][] 
 []


Overfull \hbox (68.2492pt too wide) in paragraph at lines 557--558
[][][][][][][][][][][][][][][][][][][][][] 
 []


Overfull \hbox (47.09924pt too wide) in paragraph at lines 558--559
[][][][][][][][][][][][][] 
 []

[16]
Underfull \hbox (badness 10000) in paragraph at lines 563--564

 []


Overfull \hbox (68.2492pt too wide) in paragraph at lines 571--572
[][][][][][][][][][][][][][][][][][][][][][][] 
 []


Overfull \hbox (11.8493pt too wide) in paragraph at lines 572--573
[][][][][][][][][][][][][][][][][][][][] 
 []


Overfull \hbox (82.34918pt too wide) in paragraph at lines 573--574
[][][][][][][][][][][][][][][][][][][][][][][][][][][][][] 
 []


Overfull \hbox (4.79932pt too wide) in paragraph at lines 574--575
[][][][][][][][][][][][][][][][][][][][][][] 
 []


Overfull \hbox (82.34918pt too wide) in paragraph at lines 577--578
[][][][][][][][][][][][][][][][][][][][][][][] 
 []


Overfull \hbox (75.2992pt too wide) in paragraph at lines 581--582
[][][][][][][][][][][][][][][][][][][] 
 []

[17]
Underfull \hbox (badness 10000) in paragraph at lines 596--597

 []


Overfull \hbox (54.14923pt too wide) in paragraph at lines 603--604
[][][][][][][][][][][][][][][][][][][][][][][] 
 []


Overfull \hbox (4.79932pt too wide) in paragraph at lines 604--605
[][][][][][][][][][][][][][][][][][][][] 
 []


Overfull \hbox (61.19922pt too wide) in paragraph at lines 605--606
[][][][][][][][][][][][][][][][][][][][][][][][][][][][][] 
 []


Overfull \hbox (75.2992pt too wide) in paragraph at lines 608--609
[][][][][][][][][][][][][][][][][][][][][][][] 
 []


Overfull \hbox (54.14923pt too wide) in paragraph at lines 612--613
[][][][][][][][][][][][][][][][][][][] 
 []


Overfull \hbox (18.89929pt too wide) in paragraph at lines 621--622
[][][][][][][][][][][][][] 
 []


Overfull \hbox (68.2492pt too wide) in paragraph at lines 623--624
[][][][][][][][][][][][][][][] 
 []


Overfull \hbox (61.19922pt too wide) in paragraph at lines 628--629
[][][][][][][][][][][][][] 
 []


Overfull \hbox (61.19922pt too wide) in paragraph at lines 630--631
[][][][][][][][][][][][][] 
 []


Overfull \hbox (11.8493pt too wide) in paragraph at lines 633--635
[][][][][][][][][][][][][] 
 []


Underfull \vbox (badness 2269) has occurred while \output is active []

 [18]
Overfull \hbox (117.59912pt too wide) in paragraph at lines 637--638
[][][][][][][][][][][][][][][] 
 []


Overfull \hbox (54.14923pt too wide) in paragraph at lines 638--639
[][][][][][][][][][][][][][][][] 
 []


Overfull \hbox (11.8493pt too wide) in paragraph at lines 641--642
[][][][][][][][][][][][][][][][] 
 []


Overfull \hbox (110.54913pt too wide) in paragraph at lines 642--645
[][][][][][][][][][][][][][][] 
 []


Overfull \hbox (124.64911pt too wide) in paragraph at lines 648--649
[][][][][][][][][][][][][][] 
 []


Overfull \hbox (110.54913pt too wide) in paragraph at lines 649--650
[][][][][][][][][][][][][][][][][][][] 
 []


Overfull \hbox (82.34918pt too wide) in paragraph at lines 650--651
[][][][][][][][][][][][][][][][][][][][] 
 []

[19]
Underfull \hbox (badness 10000) in paragraph at lines 663--664

 []

[20] [21]
<IMAGENES/bt_c1.png, id=634, 481.8pt x 361.35pt>
File: IMAGENES/bt_c1.png Graphic file (type png)
<use IMAGENES/bt_c1.png>
Package pdftex.def Info: IMAGENES/bt_c1.png  used on input line 699.
(pdftex.def)             Requested size: 337.25769pt x 252.94327pt.
 [22 <./IMAGENES/bt_c1.png (PNG copy)>] [23]
<IMAGENES/bt_c2.png, id=645, 481.8pt x 361.35pt>
File: IMAGENES/bt_c2.png Graphic file (type png)
<use IMAGENES/bt_c2.png>
Package pdftex.def Info: IMAGENES/bt_c2.png  used on input line 737.
(pdftex.def)             Requested size: 337.25769pt x 252.94327pt.
 [24 <./IMAGENES/bt_c2.png (PNG copy)>]
<IMAGENES/bt_c3.png, id=651, 481.8pt x 361.35pt>
File: IMAGENES/bt_c3.png Graphic file (type png)
<use IMAGENES/bt_c3.png>
Package pdftex.def Info: IMAGENES/bt_c3.png  used on input line 773.
(pdftex.def)             Requested size: 337.25769pt x 252.94327pt.


LaTeX Warning: `h' float specifier changed to `ht'.

[25] [26 <./IMAGENES/bt_c3.png (PNG copy)>]
<IMAGENES/comparativa_bt.png, id=663, 481.8pt x 361.35pt>
File: IMAGENES/comparativa_bt.png Graphic file (type png)
<use IMAGENES/comparativa_bt.png>
Package pdftex.def Info: IMAGENES/comparativa_bt.png  used on input line 790.
(pdftex.def)             Requested size: 337.25769pt x 252.94327pt.
 [27 <./IMAGENES/comparativa_bt.png (PNG copy)>]
Underfull \hbox (badness 10000) in paragraph at lines 801--802

 []


Underfull \hbox (badness 10000) in paragraph at lines 803--804

 []


Overfull \hbox (25.94928pt too wide) in paragraph at lines 812--813
[][][][][][][][][][][][][][][][][][][][][][][][][] 
 []


Overfull \hbox (75.2992pt too wide) in paragraph at lines 821--823
[][][][][][][][][][][][][][][][][][][][][][][][][][][][][][] 
 []

[28]
Overfull \hbox (82.34918pt too wide) in paragraph at lines 866--867
[][][][][][][][][][][][][][][][][][][][][][][][][][] 
 []


Overfull \hbox (25.94928pt too wide) in paragraph at lines 873--875
[][][][][][][][][][][][][][][][][][][][][][][][][] 
 []

[29]
Overfull \hbox (25.94928pt too wide) in paragraph at lines 883--884
[][][][][][][][][][][][][][][][][][][][][][][][][] 
 []


Overfull \hbox (32.99927pt too wide) in paragraph at lines 884--885
[][][][][][][][][][][][][][][][][][][][][][][] 
 []


Overfull \hbox (47.09924pt too wide) in paragraph at lines 898--900
[][][][][][][][][][][][][][][][][][] 
 []


Overfull \hbox (32.99927pt too wide) in paragraph at lines 901--902
[][][][][][][][][][][][][][][][][][][][][] 
 []


Overfull \hbox (11.8493pt too wide) in paragraph at lines 905--907
[][][][][][][][][][][][][][][][][] 
 []


Overfull \hbox (11.8493pt too wide) in paragraph at lines 908--910
[][][][][][][][][][][][][][][][][][] 
 []

[30]
Overfull \hbox (75.2992pt too wide) in paragraph at lines 924--925
[][][][][][][][][][][][][][][][][][][][][][][][][][][] 
 []


Overfull \hbox (61.19922pt too wide) in paragraph at lines 926--927
[][][][][][][][][][][][][][][][][][][][][][][][][] 
 []


Overfull \hbox (47.09924pt too wide) in paragraph at lines 928--929
[][][][][][][][][][][][][][][][][][][][][][][][][][][][] 
 []


Overfull \hbox (96.44916pt too wide) in paragraph at lines 931--932
[][][][][][][][][][][][][][][][][][][] 
 []


Overfull \hbox (54.14923pt too wide) in paragraph at lines 940--941
[][][][][][][][][][][][][][][][][][][][][][] 
 []

[31]
Overfull \hbox (18.89929pt too wide) in paragraph at lines 965--966
[][][][][][][][][][][][][][][][][][][][][][][][] 
 []


Overfull \hbox (11.8493pt too wide) in paragraph at lines 967--968
[][][][][][][][][][][][][][][][][][][][][][] 
 []


Overfull \hbox (82.34918pt too wide) in paragraph at lines 971--973
[][][][][][][][][][][][][][][][][][] 
 []


Overfull \hbox (75.2992pt too wide) in paragraph at lines 979--981
[][][][][][][][][][][][][][][][][][] 
 []


Overfull \hbox (68.2492pt too wide) in paragraph at lines 982--983
[][][][][][][][][][][][][][] 
 []


Overfull \hbox (11.8493pt too wide) in paragraph at lines 992--993
[][][][][][][][][][][][][][][][][][][][][][][][] 
 []


Overfull \hbox (82.34918pt too wide) in paragraph at lines 993--994
[][][][][][][][][][][][][][][][][][][][][][][][][][] 
 []

[32]
Overfull \hbox (40.04926pt too wide) in paragraph at lines 1008--1009
[][][][][][][][][][][][][][][][][][][][][][][] 
 []


Overfull \hbox (25.94928pt too wide) in paragraph at lines 1019--1021
[][][][][][][][][][][][][][] 
 []


Overfull \hbox (47.09924pt too wide) in paragraph at lines 1024--1025
[][][][][][][][][][][][][][][][][][][][][][][][][] 
 []


Overfull \hbox (18.89929pt too wide) in paragraph at lines 1026--1027
[][][][][][][][][][][][][][][][][][][][][] 
 []


Overfull \hbox (25.94928pt too wide) in paragraph at lines 1027--1028
[][][][][][][][][][][][][][][][][][][][][] 
 []


Overfull \hbox (117.59912pt too wide) in paragraph at lines 1030--1032
[][][][][][][][][][][][][][][][][][][][][][] 
 []


Overfull \hbox (61.19922pt too wide) in paragraph at lines 1034--1036
[][][][][][][][][][][][] 
 []


Overfull \hbox (103.49915pt too wide) in paragraph at lines 1038--1039
[][][][][][][][][][][][][][][][][][][][][] 
 []

[33]
Overfull \hbox (75.2992pt too wide) in paragraph at lines 1064--1065
[][][][][][][][][][][][][][][][][][][][][][][][][] 
 []


Overfull \hbox (47.09924pt too wide) in paragraph at lines 1066--1067
[][][][][][][][][][][][][][][][][][][][][][] 
 []


Overfull \hbox (40.04926pt too wide) in paragraph at lines 1067--1068
[][][][][][][][][][][][][][][][][][][][][][][] 
 []


Overfull \hbox (61.19922pt too wide) in paragraph at lines 1069--1070
[][][][][][][][][][][][][][][][][][][][][][][][][] 
 []


Overfull \hbox (68.2492pt too wide) in paragraph at lines 1071--1072
[][][][][][][][][][][][][][][][][][][][][][][][][] 
 []


Overfull \hbox (68.2492pt too wide) in paragraph at lines 1076--1077
[][][][][][][][][][][][][][][][][][][] 
 []

[34]
Overfull \hbox (61.19922pt too wide) in paragraph at lines 1099--1101
[][][][][][][][][][][][][][][][][][][][] 
 []


Overfull \hbox (117.59912pt too wide) in paragraph at lines 1101--1103
[][][][][][][][][][][][][][][][][][] 
 []


Overfull \hbox (96.44916pt too wide) in paragraph at lines 1105--1107
[][][][][][][][][][][][][][][][][] 
 []


Overfull \hbox (251.54889pt too wide) in paragraph at lines 1107--1109
[][][][][][][][][][][][][][][][][][][][][][] 
 []


Overfull \hbox (18.89929pt too wide) in paragraph at lines 1113--1115
[][][][][][][][][][][][] 
 []


Overfull \hbox (32.99927pt too wide) in paragraph at lines 1123--1124
[][][][][][][][][][][][][][][][][][][] 
 []

[35]
Overfull \hbox (61.19922pt too wide) in paragraph at lines 1128--1130
[][][][][][][][][][][][][][] 
 []


Overfull \hbox (25.94928pt too wide) in paragraph at lines 1130--1132
[][][][][][][][][][][][][][] 
 []


Overfull \hbox (75.2992pt too wide) in paragraph at lines 1133--1135
[][][][][][][][][][][][] 
 []


Overfull \hbox (82.34918pt too wide) in paragraph at lines 1141--1143
[][][][][][][][][][][][][][][][] 
 []

[36]
Overfull \hbox (61.19922pt too wide) in paragraph at lines 1179--1180
[][][][][][][][][][][][][][][][][][][][][][][] 
 []


Overfull \hbox (11.8493pt too wide) in paragraph at lines 1180--1181
[][][][][][][][][][][][][][][][][][][][] 
 []


Overfull \hbox (82.34918pt too wide) in paragraph at lines 1181--1182
[][][][][][][][][][][][][][][][][][][][][][][][][][][] 
 []


Overfull \hbox (47.09924pt too wide) in paragraph at lines 1184--1185
[][][][][][][][][][][][][][][][][][][][][][][][][][] 
 []


Overfull \hbox (47.09924pt too wide) in paragraph at lines 1187--1188
[][][][][][][][][][][][][][][][][][] 
 []


Overfull \hbox (47.09924pt too wide) in paragraph at lines 1193--1195
[][][][][][][][] 
 []


Overfull \hbox (75.2992pt too wide) in paragraph at lines 1195--1197
[][][][][][][][][][][][][][][][][][] 
 []

[37]
Overfull \hbox (68.2492pt too wide) in paragraph at lines 1211--1212
[][][][][][][][][][][][][][][][][][][][][][][] 
 []


Overfull \hbox (11.8493pt too wide) in paragraph at lines 1212--1213
[][][][][][][][][][][][][][][][][][][][] 
 []


Overfull \hbox (40.04926pt too wide) in paragraph at lines 1213--1214
[][][][][][][][][][][][][][][][][][][][][][][][][][][] 
 []


Overfull \hbox (47.09924pt too wide) in paragraph at lines 1214--1215
[][][][][][][][][][][][][][][][][][][][][][][][] 
 []


Overfull \hbox (47.09924pt too wide) in paragraph at lines 1217--1218
[][][][][][][][][][][][][][][][][][][][][][][][][][] 
 []


Overfull \hbox (47.09924pt too wide) in paragraph at lines 1220--1221
[][][][][][][][][][][][][][][][][][] 
 []

[38]
Overfull \hbox (54.14923pt too wide) in paragraph at lines 1251--1252
[][][][][][][][][][][][][][][][][][][][][][][] 
 []


Overfull \hbox (4.79932pt too wide) in paragraph at lines 1252--1253
[][][][][][][][][][][][][][][][][][][][] 
 []


Overfull \hbox (61.19922pt too wide) in paragraph at lines 1253--1254
[][][][][][][][][][][][][][][][][][][][][][][][][][][][][] 
 []


Overfull \hbox (40.04926pt too wide) in paragraph at lines 1256--1257
[][][][][][][][][][][][][][][][][][][][][][][][][][] 
 []


Overfull \hbox (47.09924pt too wide) in paragraph at lines 1259--1260
[][][][][][][][][][][][][][][][][][] 
 []


Overfull \hbox (61.19922pt too wide) in paragraph at lines 1273--1275
[][][][][][][][][][][][][][][] 
 []


Overfull \hbox (68.2492pt too wide) in paragraph at lines 1276--1277
[][][][][][][][][][][][][][][] 
 []


Overfull \hbox (18.89929pt too wide) in paragraph at lines 1280--1282
[][][][][][][][][][][][][][][] 
 []


Underfull \vbox (badness 2269) has occurred while \output is active []

 [39]
Overfull \hbox (61.19922pt too wide) in paragraph at lines 1288--1290
[][][][][][][][][][][][][][][] 
 []


Overfull \hbox (89.39917pt too wide) in paragraph at lines 1300--1301
[][][][][][][][][][][][][][][][][] 
 []


Overfull \hbox (75.2992pt too wide) in paragraph at lines 1310--1312
[][][][][][][][][][][][][][][][] 
 []


Overfull \hbox (32.99927pt too wide) in paragraph at lines 1312--1314
[][][][][][][][][][][][][][][][][][][][] 
 []

[40]
Underfull \hbox (badness 10000) in paragraph at lines 1330--1331

 []

[41] [42]
<IMAGENES/bb_c1.png, id=1218, 481.8pt x 361.35pt>
File: IMAGENES/bb_c1.png Graphic file (type png)
<use IMAGENES/bb_c1.png>
Package pdftex.def Info: IMAGENES/bb_c1.png  used on input line 1369.
(pdftex.def)             Requested size: 337.25769pt x 252.94327pt.
 [43 <./IMAGENES/bb_c1.png (PNG copy)>] [44]
<IMAGENES/bb_c2.png, id=1230, 481.8pt x 361.35pt>
File: IMAGENES/bb_c2.png Graphic file (type png)
<use IMAGENES/bb_c2.png>
Package pdftex.def Info: IMAGENES/bb_c2.png  used on input line 1409.
(pdftex.def)             Requested size: 337.25769pt x 252.94327pt.
 [45 <./IMAGENES/bb_c2.png (PNG copy)>] [46]
<IMAGENES/bb_c3.png, id=1241, 481.8pt x 361.35pt>
File: IMAGENES/bb_c3.png Graphic file (type png)
<use IMAGENES/bb_c3.png>
Package pdftex.def Info: IMAGENES/bb_c3.png  used on input line 1448.
(pdftex.def)             Requested size: 337.25769pt x 252.94327pt.
 [47 <./IMAGENES/bb_c3.png (PNG copy)>]
<IMAGENES/comparativa_bb.png, id=1247, 481.8pt x 361.35pt>
File: IMAGENES/comparativa_bb.png Graphic file (type png)
<use IMAGENES/comparativa_bb.png>
Package pdftex.def Info: IMAGENES/comparativa_bb.png  used on input line 1463.
(pdftex.def)             Requested size: 337.25769pt x 252.94327pt.
 [48 <./IMAGENES/comparativa_bb.png (PNG copy)>]
<IMAGENES/bt_bb_c1.png, id=1253, 481.8pt x 361.35pt>
File: IMAGENES/bt_bb_c1.png Graphic file (type png)
<use IMAGENES/bt_bb_c1.png>
Package pdftex.def Info: IMAGENES/bt_bb_c1.png  used on input line 1478.
(pdftex.def)             Requested size: 337.25769pt x 252.94327pt.
 [49 <./IMAGENES/bt_bb_c1.png (PNG copy)>]
<IMAGENES/bt_bb_c2.png, id=1260, 481.8pt x 361.35pt>
File: IMAGENES/bt_bb_c2.png Graphic file (type png)
<use IMAGENES/bt_bb_c2.png>
Package pdftex.def Info: IMAGENES/bt_bb_c2.png  used on input line 1487.
(pdftex.def)             Requested size: 337.25769pt x 252.94327pt.
 [50 <./IMAGENES/bt_bb_c2.png (PNG copy)>]
<IMAGENES/bt_bb_c3.png, id=1266, 481.8pt x 361.35pt>
File: IMAGENES/bt_bb_c3.png Graphic file (type png)
<use IMAGENES/bt_bb_c3.png>
Package pdftex.def Info: IMAGENES/bt_bb_c3.png  used on input line 1496.
(pdftex.def)             Requested size: 337.25769pt x 252.94327pt.
 [51 <./IMAGENES/bt_bb_c3.png (PNG copy)>]
[52] (./exploracion_grafos.aux
LaTeX Info: Redefining \. on input line 25.
LaTeX Info: Redefining \% on input line 25.
)
Package rerunfilecheck Info: File `exploracion_grafos.out' has not changed.
(rerunfilecheck)             Checksum: F6ADFE1E75CADC0DB06AFD56FB1CBD3C;4501.
 ) 
Here is how much of TeX's memory you used:
 14137 strings out of 478287
 215266 string characters out of 5849289
 728551 words of memory out of 5000000
 31192 multiletter control sequences out of 15000+600000
 478098 words of font info for 59 fonts, out of 8000000 for 9000
 1141 hyphenation exceptions out of 8191
 87i,10n,91p,732b,1825s stack positions out of 5000i,500n,10000p,200000b,80000s
{/usr/share/texmf/fonts/enc/dvips/cm-super/cm-super-ts1.enc}</usr/share/texli
ve/texmf-dist/fonts/type1/public/amsfonts/cm/cmbx12.pfb></usr/share/texlive/tex
mf-dist/fonts/type1/public/amsfonts/cm/cmbxti10.pfb></usr/share/texlive/texmf-d
ist/fonts/type1/public/amsfonts/cm/cmcsc10.pfb></usr/share/texlive/texmf-dist/f
onts/type1/public/amsfonts/cm/cmmi12.pfb></usr/share/texlive/texmf-dist/fonts/t
ype1/public/amsfonts/cm/cmmi8.pfb></usr/share/texlive/texmf-dist/fonts/type1/pu
blic/amsfonts/cm/cmr12.pfb></usr/share/texlive/texmf-dist/fonts/type1/public/am
sfonts/cm/cmr17.pfb></usr/share/texlive/texmf-dist/fonts/type1/public/amsfonts/
cm/cmr8.pfb></usr/share/texlive/texmf-dist/fonts/type1/public/amsfonts/cm/cmsy1
0.pfb></usr/share/texlive/texmf-dist/fonts/type1/public/amsfonts/cm/cmti12.pfb>
</usr/share/texlive/texmf-dist/fonts/type1/public/amsfonts/symbols/msbm10.pfb><
/usr/share/texmf/fonts/type1/public/cm-super/sfrm1200.pfb></usr/share/texmf/fon
ts/type1/public/cm-super/sfti1200.pfb>
Output written on exploracion_grafos.pdf (52 pages, 418417 bytes).
PDF statistics:
 1532 PDF objects out of 1728 (max. 8388607)
 1424 compressed objects within 15 object streams
 958 named destinations out of 1000 (max. 500000)
 285 words of extra memory for PDF output out of 10000 (max. 10000000)

